<?xml version="1.0" encoding="UTF-8"?>
<!DOCTYPE html PUBLIC "-//W3C//DTD XHTML 1.0 Strict//EN" "http://www.w3.org/TR/xhtml1/DTD/xhtml1-strict.dtd">
<html xmlns="http://www.w3.org/1999/xhtml">
<head>
    <title>Â§©Â≠¶ÁΩëÊñ∞ÁâàAPPÂ≠¶ÁîüUIËá™Âä®ÂåñÊµãËØï</title>
    <meta name="generator" content="HTMLTestRunner 0.8.2"/>
    <meta http-equiv="Content-Type" content="text/html; charset=UTF-8"/>
    
<style type="text/css" media="screen">
body        { font-family: verdana, arial, helvetica, sans-serif; font-size: 80%; }
table       { font-size: 100%; }
pre         { }

/* -- heading ---------------------------------------------------------------------- */
h1 {
	font-size: 16pt;
	color: gray;
}
.heading {
    margin-top: 0ex;
    margin-bottom: 1ex;
}

.heading .attribute {
    margin-top: 1ex;
    margin-bottom: 0;
}

.heading .description {
    margin-top: 4ex;
    margin-bottom: 6ex;
}

/* -- css div popup ------------------------------------------------------------------------ */
a.popup_link {
}

a.popup_link:hover {
    color: red;
}

.popup_window {
    display: none;
    position: relative;
    left: 0px;
    top: 0px;
    /*border: solid #627173 1px; */
    padding: 10px;
    background-color: #E6E6D6;
    font-family: "Lucida Console", "Courier New", Courier, monospace;
    text-align: left;
    font-size: 8pt;
    width: 500px;
}

}
/* -- report ------------------------------------------------------------------------ */
#show_detail_line {
    margin-top: 3ex;
    margin-bottom: 1ex;
}
#result_table {
    width: 80%;
    border-collapse: collapse;
    border: 1px solid #777;
}
#header_row {
    font-weight: bold;
    color: white;
    background-color: #777;
}
#result_table td {
    border: 1px solid #777;
    padding: 2px;
}
#total_row  { font-weight: bold; }
.passClass  { background-color: #6c6; }
.failClass  { background-color: #c60; }
.errorClass { background-color: #c00; }
.passCase   { color: #6c6; }
.failCase   { color: #c60; font-weight: bold; }
.errorCase  { color: #c00; font-weight: bold; }
.hiddenRow  { display: none; }
.testcase   { margin-left: 2em; }


/* -- ending ---------------------------------------------------------------------- */
#ending {
}

</style>

</head>
<body>
<script language="javascript" type="text/javascript"><!--
output_list = Array();

/* level - 0:Summary; 1:Failed; 2:All */
function showCase(level) {
    trs = document.getElementsByTagName("tr");
    for (var i = 0; i < trs.length; i++) {
        tr = trs[i];
        id = tr.id;
        if (id.substr(0,2) == 'ft') {
            if (level < 1) {
                tr.className = 'hiddenRow';
            }
            else {
                tr.className = '';
            }
        }
        if (id.substr(0,2) == 'pt') {
            if (level > 1) {
                tr.className = '';
            }
            else {
                tr.className = 'hiddenRow';
            }
        }
    }
}


function showClassDetail(cid, count) {
    var id_list = Array(count);
    var toHide = 1;
    for (var i = 0; i < count; i++) {
        tid0 = 't' + cid.substr(1) + '.' + (i+1);
        tid = 'f' + tid0;
        tr = document.getElementById(tid);
        if (!tr) {
            tid = 'p' + tid0;
            tr = document.getElementById(tid);
        }
        id_list[i] = tid;
        if (tr.className) {
            toHide = 0;
        }
    }
    for (var i = 0; i < count; i++) {
        tid = id_list[i];
        if (toHide) {
            document.getElementById('div_'+tid).style.display = 'none'
            document.getElementById(tid).className = 'hiddenRow';
        }
        else {
            document.getElementById(tid).className = '';
        }
    }
}


function showTestDetail(div_id){
    var details_div = document.getElementById(div_id)
    var displayState = details_div.style.display
    // alert(displayState)
    if (displayState != 'block' ) {
        displayState = 'block'
        details_div.style.display = 'block'
    }
    else {
        details_div.style.display = 'none'
    }
}


function html_escape(s) {
    s = s.replace(/&/g,'&amp;');
    s = s.replace(/</g,'&lt;');
    s = s.replace(/>/g,'&gt;');
    return s;
}

/* obsoleted by detail in <div>
function showOutput(id, name) {
    var w = window.open("", //url
                    name,
                    "resizable,scrollbars,status,width=800,height=450");
    d = w.document;
    d.write("<pre>");
    d.write(html_escape(output_list[id]));
    d.write("\n");
    d.write("<a href='javascript:window.close()'>close</a>\n");
    d.write("</pre>\n");
    d.close();
}
*/
--></script>

<div class='heading'>
<h1>Â§©Â≠¶ÁΩëÊñ∞ÁâàAPPÂ≠¶ÁîüUIËá™Âä®ÂåñÊµãËØï</h1>
<p class='attribute'><strong>Start Time:</strong> 2019-09-30 10:10:49</p>
<p class='attribute'><strong>Duration:</strong> 0:06:09.340145</p>
<p class='attribute'><strong>Status:</strong> Error 54</p>

<p class='description'>Áî®‰æãÊâßË°åÊÉÖÂÜµÔºö</p>
</div>



<p id='show_detail_line'>Show
<a href='javascript:showCase(0)'>Summary</a>
<a href='javascript:showCase(1)'>Failed</a>
<a href='javascript:showCase(2)'>All</a>
</p>
<table id='result_table'>
<colgroup>
<col align='left' />
<col align='right' />
<col align='right' />
<col align='right' />
<col align='right' />
<col align='right' />
</colgroup>
<tr id='header_row'>
    <td>Test Group/Test case</td>
    <td>Count</td>
    <td>Pass</td>
    <td>Fail</td>
    <td>Error</td>
    <td>View</td>
</tr>

<tr class='errorClass'>
    <td>class.ProgressCount.MyCountTest.MyCounts</td>
    <td>5</td>
    <td>0</td>
    <td>0</td>
    <td>5</td>
    <td><a href="javascript:showClassDetail('c1',5)">Detail</a></td>
</tr>

<tr id='ft1.1' class='none'>
    <td class='errorCase'><div class='testcase'>test_choose_option</div></td>
    <td colspan='5' align='center'>

    <!--css div popup start-->
    <a class="popup_link" onfocus='this.blur();' href="javascript:showTestDetail('div_ft1.1')" >
        error</a>

    <div id='div_ft1.1' class="popup_window">
        <div style='text-align: right; color:red;cursor:pointer'>
        <a onfocus='this.blur();' onclick="document.getElementById('div_ft1.1').style.display = 'none' " >
           [x]</a>
        </div>
        <pre>
        
ft1.1: [32m2019-09-30 10:10:49[info]:MyCountTest.pyÂºÄÂßãÊâßË°å[0m
Traceback (most recent call last):
  File "E:\developmentTools\pythonworkspace\up366_app_stu\android_stu\up366_appUI_stu\testCase\class\ProgressCount\MyCountTest.py", line 16, in setUp
    self.driver=Caps.set_caps(None)
  File "E:\developmentTools\pythonworkspace\up366_app_stu\android_stu\up366_appUI_stu\public\desire_caps.py", line 37, in set_caps
    driver = webdriver.Remote('http://localhost:4723/wd/hub', desired_caps)
  File "C:\Program Files (x86)\Python36-32\lib\site-packages\appium\webdriver\webdriver.py", line 96, in __init__
    super(WebDriver, self).__init__(command_executor, desired_capabilities, browser_profile, proxy, keep_alive)
  File "C:\Program Files (x86)\Python36-32\lib\site-packages\selenium\webdriver\remote\webdriver.py", line 157, in __init__
    self.start_session(capabilities, browser_profile)
  File "C:\Program Files (x86)\Python36-32\lib\site-packages\appium\webdriver\webdriver.py", line 137, in start_session
    response = self.execute(RemoteCommand.NEW_SESSION, parameters)
  File "C:\Program Files (x86)\Python36-32\lib\site-packages\selenium\webdriver\remote\webdriver.py", line 321, in execute
    self.error_handler.check_response(response)
  File "C:\Program Files (x86)\Python36-32\lib\site-packages\selenium\webdriver\remote\errorhandler.py", line 242, in check_response
    raise exception_class(message, screen, stacktrace)
selenium.common.exceptions.WebDriverException: Message: An unknown server-side error occurred while processing the command. Original error: Could not find zipalign Please set the ANDROID_HOME environment variable with the Android SDK root directory path.



        </pre>
    </div>
    <!--css div popup end-->

    </td>
</tr>

<tr id='ft1.2' class='none'>
    <td class='errorCase'><div class='testcase'>test_click_choose</div></td>
    <td colspan='5' align='center'>

    <!--css div popup start-->
    <a class="popup_link" onfocus='this.blur();' href="javascript:showTestDetail('div_ft1.2')" >
        error</a>

    <div id='div_ft1.2' class="popup_window">
        <div style='text-align: right; color:red;cursor:pointer'>
        <a onfocus='this.blur();' onclick="document.getElementById('div_ft1.2').style.display = 'none' " >
           [x]</a>
        </div>
        <pre>
        
ft1.2: [32m2019-09-30 10:11:03[info]:MyCountTest.pyÂºÄÂßãÊâßË°å[0m
Traceback (most recent call last):
  File "E:\developmentTools\pythonworkspace\up366_app_stu\android_stu\up366_appUI_stu\testCase\class\ProgressCount\MyCountTest.py", line 16, in setUp
    self.driver=Caps.set_caps(None)
  File "E:\developmentTools\pythonworkspace\up366_app_stu\android_stu\up366_appUI_stu\public\desire_caps.py", line 37, in set_caps
    driver = webdriver.Remote('http://localhost:4723/wd/hub', desired_caps)
  File "C:\Program Files (x86)\Python36-32\lib\site-packages\appium\webdriver\webdriver.py", line 96, in __init__
    super(WebDriver, self).__init__(command_executor, desired_capabilities, browser_profile, proxy, keep_alive)
  File "C:\Program Files (x86)\Python36-32\lib\site-packages\selenium\webdriver\remote\webdriver.py", line 157, in __init__
    self.start_session(capabilities, browser_profile)
  File "C:\Program Files (x86)\Python36-32\lib\site-packages\appium\webdriver\webdriver.py", line 137, in start_session
    response = self.execute(RemoteCommand.NEW_SESSION, parameters)
  File "C:\Program Files (x86)\Python36-32\lib\site-packages\selenium\webdriver\remote\webdriver.py", line 321, in execute
    self.error_handler.check_response(response)
  File "C:\Program Files (x86)\Python36-32\lib\site-packages\selenium\webdriver\remote\errorhandler.py", line 242, in check_response
    raise exception_class(message, screen, stacktrace)
selenium.common.exceptions.WebDriverException: Message: An unknown server-side error occurred while processing the command. Original error: [  2%] /data/local/tmp/appium-uiautomator2-server-v3.1.1.apk
[  5%] /data/local/tmp/appium-uiautomator2-server-v3.1.1.apk
[  8%] /data/local/tmp/appium-uiautomator2-server-v3.1.1.apk
[ 11%] /data/local/tmp/appium-uiautomator2-server-v3.1.1.apk
[ 14%] /data/local/tmp/appium-uiautomator2-server-v3.1.1.apk
[ 17%] /data/local/tmp/appium-uiautomator2-server-v3.1.1.apk
[ 20%] /data/local/tmp/appium-uiautomator2-server-v3.1.1.apk
[ 23%] /data/local/tmp/appium-uiautomator2-server-v3.1.1.apk
[ 26%] /data/local/tmp/appium-uiautomator2-server-v3.1.1.apk
[ 29%] /data/local/tmp/appium-uiautomator2-server-v3.1.1.apk
[ 32%] /data/local/tmp/appium-uiautomator2-server-v3.1.1.apk
[ 35%] /data/local/tmp/appium-uiautomator2-server-v3.1.1.apk
[ 38%] /data/local/tmp/appium-uiautomator2-server-v3.1.1.apk
[ 41%] /data/local/tmp/appium-uiautomator2-server-v3.1.1.apk
[ 44%] /data/local/tmp/appium-uiautomator2-server-v3.1.1.apk
[ 47%] /data/local/tmp/appium-uiautomator2-server-v3.1.1.apk
[ 50%] /data/local/tmp/appium-uiautomator2-server-v3.1.1.apk
[ 53%] /data/local/tmp/appium-uiautomator2-server-v3.1.1.apk
[ 56%] /data/local/tmp/appium-uiautomator2-server-v3.1.1.apk
[ 59%] /data/local/tmp/appium-uiautomator2-server-v3.1.1.apk
[ 62%] /data/local/tmp/appium-uiautomator2-server-v3.1.1.apk
[ 65%] /data/local/tmp/appium-uiautomator2-server-v3.1.1.apk
[ 68%] /data/local/tmp/appium-uiautomator2-server-v3.1.1.apk
[ 71%] /data/local/tmp/appium-uiautomator2-server-v3.1.1.apk
[ 74%] /data/local/tmp/appium-uiautomator2-server-v3.1.1.apk
[ 77%] /data/local/tmp/appium-uiautomator2-server-v3.1.1.apk
[ 80%] /data/local/tmp/appium-uiautomator2-server-v3.1.1.apk
[ 83%] /data/local/tmp/appium-uiautomator2-server-v3.1.1.apk
[ 86%] /data/local/tmp/appium-uiautomator2-server-v3.1.1.apk
[ 89%] /data/local/tmp/appium-uiautomator2-server-v3.1.1.apk
[ 92%] /data/local/tmp/appium-uiautomator2-server-v3.1.1.apk
[ 95%] /data/local/tmp/appium-uiautomator2-server-v3.1.1.apk
[ 98%] /data/local/tmp/appium-uiautomator2-server-v3.1.1.apk
[100%] /data/local/tmp/appium-uiautomator2-server-v3.1.1.apk
C:\Users\Administrator\AppData\Roaming\npm\node_modules\appium\node_modules\_appium-uiautomator2-server@3.1.1@appium-uiautomator2-server\apks\appium-uiautomator2-server-v3.1.1.apk: 1 file pushed. 1.5 MB/s (2200616 bytes in 1.385s)
	pkg: /data/local/tmp/appium-uiautomator2-server-v3.1.1.apk
Failure [INSTALL_FAILED_CANCELLED_BY_USER]



        </pre>
    </div>
    <!--css div popup end-->

    </td>
</tr>

<tr id='ft1.3' class='none'>
    <td class='errorCase'><div class='testcase'>test_click_count</div></td>
    <td colspan='5' align='center'>

    <!--css div popup start-->
    <a class="popup_link" onfocus='this.blur();' href="javascript:showTestDetail('div_ft1.3')" >
        error</a>

    <div id='div_ft1.3' class="popup_window">
        <div style='text-align: right; color:red;cursor:pointer'>
        <a onfocus='this.blur();' onclick="document.getElementById('div_ft1.3').style.display = 'none' " >
           [x]</a>
        </div>
        <pre>
        
ft1.3: [32m2019-09-30 10:11:15[info]:MyCountTest.pyÂºÄÂßãÊâßË°å[0m
Traceback (most recent call last):
  File "E:\developmentTools\pythonworkspace\up366_app_stu\android_stu\up366_appUI_stu\testCase\class\ProgressCount\MyCountTest.py", line 21, in setUp
    self.driver.find_element_by_id("com.up366.mobile:id/welcome_dialog_dismiss_btn").click()
  File "C:\Program Files (x86)\Python36-32\lib\site-packages\selenium\webdriver\remote\webdriver.py", line 360, in find_element_by_id
    return self.find_element(by=By.ID, value=id_)
  File "C:\Program Files (x86)\Python36-32\lib\site-packages\appium\webdriver\webdriver.py", line 191, in find_element
    'value': value})['value']
  File "C:\Program Files (x86)\Python36-32\lib\site-packages\selenium\webdriver\remote\webdriver.py", line 321, in execute
    self.error_handler.check_response(response)
  File "C:\Program Files (x86)\Python36-32\lib\site-packages\appium\webdriver\errorhandler.py", line 29, in check_response
    raise wde
  File "C:\Program Files (x86)\Python36-32\lib\site-packages\appium\webdriver\errorhandler.py", line 24, in check_response
    super(MobileErrorHandler, self).check_response(response)
  File "C:\Program Files (x86)\Python36-32\lib\site-packages\selenium\webdriver\remote\errorhandler.py", line 242, in check_response
    raise exception_class(message, screen, stacktrace)
selenium.common.exceptions.NoSuchElementException: Message: An element could not be located on the page using the given search parameters.



        </pre>
    </div>
    <!--css div popup end-->

    </td>
</tr>

<tr id='ft1.4' class='none'>
    <td class='errorCase'><div class='testcase'>test_count_footer</div></td>
    <td colspan='5' align='center'>

    <!--css div popup start-->
    <a class="popup_link" onfocus='this.blur();' href="javascript:showTestDetail('div_ft1.4')" >
        error</a>

    <div id='div_ft1.4' class="popup_window">
        <div style='text-align: right; color:red;cursor:pointer'>
        <a onfocus='this.blur();' onclick="document.getElementById('div_ft1.4').style.display = 'none' " >
           [x]</a>
        </div>
        <pre>
        
ft1.4: [32m2019-09-30 10:12:07[info]:MyCountTest.pyÂºÄÂßãÊâßË°å[0m
Traceback (most recent call last):
  File "E:\developmentTools\pythonworkspace\up366_app_stu\android_stu\up366_appUI_stu\testCase\class\ProgressCount\MyCountTest.py", line 16, in setUp
    self.driver=Caps.set_caps(None)
  File "E:\developmentTools\pythonworkspace\up366_app_stu\android_stu\up366_appUI_stu\public\desire_caps.py", line 37, in set_caps
    driver = webdriver.Remote('http://localhost:4723/wd/hub', desired_caps)
  File "C:\Program Files (x86)\Python36-32\lib\site-packages\appium\webdriver\webdriver.py", line 96, in __init__
    super(WebDriver, self).__init__(command_executor, desired_capabilities, browser_profile, proxy, keep_alive)
  File "C:\Program Files (x86)\Python36-32\lib\site-packages\selenium\webdriver\remote\webdriver.py", line 157, in __init__
    self.start_session(capabilities, browser_profile)
  File "C:\Program Files (x86)\Python36-32\lib\site-packages\appium\webdriver\webdriver.py", line 137, in start_session
    response = self.execute(RemoteCommand.NEW_SESSION, parameters)
  File "C:\Program Files (x86)\Python36-32\lib\site-packages\selenium\webdriver\remote\webdriver.py", line 321, in execute
    self.error_handler.check_response(response)
  File "C:\Program Files (x86)\Python36-32\lib\site-packages\selenium\webdriver\remote\errorhandler.py", line 242, in check_response
    raise exception_class(message, screen, stacktrace)
selenium.common.exceptions.WebDriverException: Message: An unknown server-side error occurred while processing the command. Original error: Could not find aapt Please set the ANDROID_HOME environment variable with the Android SDK root directory path.



        </pre>
    </div>
    <!--css div popup end-->

    </td>
</tr>

<tr id='ft1.5' class='none'>
    <td class='errorCase'><div class='testcase'>test_return</div></td>
    <td colspan='5' align='center'>

    <!--css div popup start-->
    <a class="popup_link" onfocus='this.blur();' href="javascript:showTestDetail('div_ft1.5')" >
        error</a>

    <div id='div_ft1.5' class="popup_window">
        <div style='text-align: right; color:red;cursor:pointer'>
        <a onfocus='this.blur();' onclick="document.getElementById('div_ft1.5').style.display = 'none' " >
           [x]</a>
        </div>
        <pre>
        
ft1.5: [32m2019-09-30 10:12:13[info]:MyCountTest.pyÂºÄÂßãÊâßË°å[0m
Traceback (most recent call last):
  File "E:\developmentTools\pythonworkspace\up366_app_stu\android_stu\up366_appUI_stu\testCase\class\ProgressCount\MyCountTest.py", line 16, in setUp
    self.driver=Caps.set_caps(None)
  File "E:\developmentTools\pythonworkspace\up366_app_stu\android_stu\up366_appUI_stu\public\desire_caps.py", line 37, in set_caps
    driver = webdriver.Remote('http://localhost:4723/wd/hub', desired_caps)
  File "C:\Program Files (x86)\Python36-32\lib\site-packages\appium\webdriver\webdriver.py", line 96, in __init__
    super(WebDriver, self).__init__(command_executor, desired_capabilities, browser_profile, proxy, keep_alive)
  File "C:\Program Files (x86)\Python36-32\lib\site-packages\selenium\webdriver\remote\webdriver.py", line 157, in __init__
    self.start_session(capabilities, browser_profile)
  File "C:\Program Files (x86)\Python36-32\lib\site-packages\appium\webdriver\webdriver.py", line 137, in start_session
    response = self.execute(RemoteCommand.NEW_SESSION, parameters)
  File "C:\Program Files (x86)\Python36-32\lib\site-packages\selenium\webdriver\remote\webdriver.py", line 321, in execute
    self.error_handler.check_response(response)
  File "C:\Program Files (x86)\Python36-32\lib\site-packages\selenium\webdriver\remote\errorhandler.py", line 242, in check_response
    raise exception_class(message, screen, stacktrace)
selenium.common.exceptions.WebDriverException: Message: An unknown server-side error occurred while processing the command. Original error: Could not find aapt Please set the ANDROID_HOME environment variable with the Android SDK root directory path.



        </pre>
    </div>
    <!--css div popup end-->

    </td>
</tr>

<tr class='errorClass'>
    <td>class.activity.CurrentShowTest.current_show</td>
    <td>2</td>
    <td>0</td>
    <td>0</td>
    <td>2</td>
    <td><a href="javascript:showClassDetail('c2',2)">Detail</a></td>
</tr>

<tr id='ft2.1' class='none'>
    <td class='errorCase'><div class='testcase'>test_likeBTN_show: ÁÇπËµû</div></td>
    <td colspan='5' align='center'>

    <!--css div popup start-->
    <a class="popup_link" onfocus='this.blur();' href="javascript:showTestDetail('div_ft2.1')" >
        error</a>

    <div id='div_ft2.1' class="popup_window">
        <div style='text-align: right; color:red;cursor:pointer'>
        <a onfocus='this.blur();' onclick="document.getElementById('div_ft2.1').style.display = 'none' " >
           [x]</a>
        </div>
        <pre>
        
ft2.1: [32m2019-09-30 10:12:19[info]:CurrentShow.py Áî®‰æãÂºÄÂßãÊâßË°å[0m
Traceback (most recent call last):
  File "E:\developmentTools\pythonworkspace\up366_app_stu\android_stu\up366_appUI_stu\testCase\class\activity\CurrentShowTest.py", line 20, in setUp
    cls.driver = Caps.set_caps(None)
  File "E:\developmentTools\pythonworkspace\up366_app_stu\android_stu\up366_appUI_stu\public\desire_caps.py", line 37, in set_caps
    driver = webdriver.Remote('http://localhost:4723/wd/hub', desired_caps)
  File "C:\Program Files (x86)\Python36-32\lib\site-packages\appium\webdriver\webdriver.py", line 96, in __init__
    super(WebDriver, self).__init__(command_executor, desired_capabilities, browser_profile, proxy, keep_alive)
  File "C:\Program Files (x86)\Python36-32\lib\site-packages\selenium\webdriver\remote\webdriver.py", line 157, in __init__
    self.start_session(capabilities, browser_profile)
  File "C:\Program Files (x86)\Python36-32\lib\site-packages\appium\webdriver\webdriver.py", line 137, in start_session
    response = self.execute(RemoteCommand.NEW_SESSION, parameters)
  File "C:\Program Files (x86)\Python36-32\lib\site-packages\selenium\webdriver\remote\webdriver.py", line 321, in execute
    self.error_handler.check_response(response)
  File "C:\Program Files (x86)\Python36-32\lib\site-packages\selenium\webdriver\remote\errorhandler.py", line 242, in check_response
    raise exception_class(message, screen, stacktrace)
selenium.common.exceptions.WebDriverException: Message: An unknown server-side error occurred while processing the command. Original error: Could not find aapt Please set the ANDROID_HOME environment variable with the Android SDK root directory path.



        </pre>
    </div>
    <!--css div popup end-->

    </td>
</tr>

<tr id='ft2.2' class='none'>
    <td class='errorCase'><div class='testcase'>test_resubmit_show: ÈáçÊñ∞Êèê‰∫§ÔºöÊñáÂ≠ó</div></td>
    <td colspan='5' align='center'>

    <!--css div popup start-->
    <a class="popup_link" onfocus='this.blur();' href="javascript:showTestDetail('div_ft2.2')" >
        error</a>

    <div id='div_ft2.2' class="popup_window">
        <div style='text-align: right; color:red;cursor:pointer'>
        <a onfocus='this.blur();' onclick="document.getElementById('div_ft2.2').style.display = 'none' " >
           [x]</a>
        </div>
        <pre>
        
ft2.2: [32m2019-09-30 10:12:25[info]:CurrentShow.py Áî®‰æãÂºÄÂßãÊâßË°å[0m
Traceback (most recent call last):
  File "E:\developmentTools\pythonworkspace\up366_app_stu\android_stu\up366_appUI_stu\testCase\class\activity\CurrentShowTest.py", line 20, in setUp
    cls.driver = Caps.set_caps(None)
  File "E:\developmentTools\pythonworkspace\up366_app_stu\android_stu\up366_appUI_stu\public\desire_caps.py", line 37, in set_caps
    driver = webdriver.Remote('http://localhost:4723/wd/hub', desired_caps)
  File "C:\Program Files (x86)\Python36-32\lib\site-packages\appium\webdriver\webdriver.py", line 96, in __init__
    super(WebDriver, self).__init__(command_executor, desired_capabilities, browser_profile, proxy, keep_alive)
  File "C:\Program Files (x86)\Python36-32\lib\site-packages\selenium\webdriver\remote\webdriver.py", line 157, in __init__
    self.start_session(capabilities, browser_profile)
  File "C:\Program Files (x86)\Python36-32\lib\site-packages\appium\webdriver\webdriver.py", line 137, in start_session
    response = self.execute(RemoteCommand.NEW_SESSION, parameters)
  File "C:\Program Files (x86)\Python36-32\lib\site-packages\selenium\webdriver\remote\webdriver.py", line 321, in execute
    self.error_handler.check_response(response)
  File "C:\Program Files (x86)\Python36-32\lib\site-packages\selenium\webdriver\remote\errorhandler.py", line 242, in check_response
    raise exception_class(message, screen, stacktrace)
selenium.common.exceptions.WebDriverException: Message: An unknown server-side error occurred while processing the command. Original error: Could not find aapt Please set the ANDROID_HOME environment variable with the Android SDK root directory path.



        </pre>
    </div>
    <!--css div popup end-->

    </td>
</tr>

<tr class='errorClass'>
    <td>unittest.suite._ErrorHolder</td>
    <td>15</td>
    <td>0</td>
    <td>0</td>
    <td>15</td>
    <td><a href="javascript:showClassDetail('c3',15)">Detail</a></td>
</tr>

<tr id='ft3.1' class='none'>
    <td class='errorCase'><div class='testcase'>current_vote)</div></td>
    <td colspan='5' align='center'>

    <!--css div popup start-->
    <a class="popup_link" onfocus='this.blur();' href="javascript:showTestDetail('div_ft3.1')" >
        error</a>

    <div id='div_ft3.1' class="popup_window">
        <div style='text-align: right; color:red;cursor:pointer'>
        <a onfocus='this.blur();' onclick="document.getElementById('div_ft3.1').style.display = 'none' " >
           [x]</a>
        </div>
        <pre>
        
ft3.1: [32m2019-09-30 10:12:25[info]:CurrentShow.py Áî®‰æãÂºÄÂßãÊâßË°å[0m
Traceback (most recent call last):
  File "E:\developmentTools\pythonworkspace\up366_app_stu\android_stu\up366_appUI_stu\testCase\class\activity\CurrentVoteTest.py", line 20, in setUpClass
    cls.driver = Caps.set_caps(None)
  File "E:\developmentTools\pythonworkspace\up366_app_stu\android_stu\up366_appUI_stu\public\desire_caps.py", line 37, in set_caps
    driver = webdriver.Remote('http://localhost:4723/wd/hub', desired_caps)
  File "C:\Program Files (x86)\Python36-32\lib\site-packages\appium\webdriver\webdriver.py", line 96, in __init__
    super(WebDriver, self).__init__(command_executor, desired_capabilities, browser_profile, proxy, keep_alive)
  File "C:\Program Files (x86)\Python36-32\lib\site-packages\selenium\webdriver\remote\webdriver.py", line 157, in __init__
    self.start_session(capabilities, browser_profile)
  File "C:\Program Files (x86)\Python36-32\lib\site-packages\appium\webdriver\webdriver.py", line 137, in start_session
    response = self.execute(RemoteCommand.NEW_SESSION, parameters)
  File "C:\Program Files (x86)\Python36-32\lib\site-packages\selenium\webdriver\remote\webdriver.py", line 321, in execute
    self.error_handler.check_response(response)
  File "C:\Program Files (x86)\Python36-32\lib\site-packages\selenium\webdriver\remote\errorhandler.py", line 242, in check_response
    raise exception_class(message, screen, stacktrace)
selenium.common.exceptions.WebDriverException: Message: An unknown server-side error occurred while processing the command. Original error: Could not find aapt Please set the ANDROID_HOME environment variable with the Android SDK root directory path.



        </pre>
    </div>
    <!--css div popup end-->

    </td>
</tr>

<tr id='ft3.2' class='none'>
    <td class='errorCase'><div class='testcase'>finished_vote)</div></td>
    <td colspan='5' align='center'>

    <!--css div popup start-->
    <a class="popup_link" onfocus='this.blur();' href="javascript:showTestDetail('div_ft3.2')" >
        error</a>

    <div id='div_ft3.2' class="popup_window">
        <div style='text-align: right; color:red;cursor:pointer'>
        <a onfocus='this.blur();' onclick="document.getElementById('div_ft3.2').style.display = 'none' " >
           [x]</a>
        </div>
        <pre>
        
ft3.2: [32m2019-09-30 10:12:25[info]:CurrentShow.py Áî®‰æãÂºÄÂßãÊâßË°å[0m
Traceback (most recent call last):
  File "E:\developmentTools\pythonworkspace\up366_app_stu\android_stu\up366_appUI_stu\testCase\class\activity\FinishedVoteShowTest.py", line 20, in setUpClass
    cls.driver = Caps.set_caps(None)
  File "E:\developmentTools\pythonworkspace\up366_app_stu\android_stu\up366_appUI_stu\public\desire_caps.py", line 37, in set_caps
    driver = webdriver.Remote('http://localhost:4723/wd/hub', desired_caps)
  File "C:\Program Files (x86)\Python36-32\lib\site-packages\appium\webdriver\webdriver.py", line 96, in __init__
    super(WebDriver, self).__init__(command_executor, desired_capabilities, browser_profile, proxy, keep_alive)
  File "C:\Program Files (x86)\Python36-32\lib\site-packages\selenium\webdriver\remote\webdriver.py", line 157, in __init__
    self.start_session(capabilities, browser_profile)
  File "C:\Program Files (x86)\Python36-32\lib\site-packages\appium\webdriver\webdriver.py", line 137, in start_session
    response = self.execute(RemoteCommand.NEW_SESSION, parameters)
  File "C:\Program Files (x86)\Python36-32\lib\site-packages\selenium\webdriver\remote\webdriver.py", line 321, in execute
    self.error_handler.check_response(response)
  File "C:\Program Files (x86)\Python36-32\lib\site-packages\selenium\webdriver\remote\errorhandler.py", line 242, in check_response
    raise exception_class(message, screen, stacktrace)
selenium.common.exceptions.WebDriverException: Message: An unknown server-side error occurred while processing the command. Original error: Could not find aapt Please set the ANDROID_HOME environment variable with the Android SDK root directory path.



        </pre>
    </div>
    <!--css div popup end-->

    </td>
</tr>

<tr id='ft3.3' class='none'>
    <td class='errorCase'><div class='testcase'>liveclass)</div></td>
    <td colspan='5' align='center'>

    <!--css div popup start-->
    <a class="popup_link" onfocus='this.blur();' href="javascript:showTestDetail('div_ft3.3')" >
        error</a>

    <div id='div_ft3.3' class="popup_window">
        <div style='text-align: right; color:red;cursor:pointer'>
        <a onfocus='this.blur();' onclick="document.getElementById('div_ft3.3').style.display = 'none' " >
           [x]</a>
        </div>
        <pre>
        
ft3.3: [32m2019-09-30 10:12:25[info]:CurrentShow.py Áî®‰æãÂºÄÂßãÊâßË°å[0m
Traceback (most recent call last):
  File "E:\developmentTools\pythonworkspace\up366_app_stu\android_stu\up366_appUI_stu\testCase\class\liveclass\liveClassTest.py", line 18, in setUpClass
    self.driver = Caps.set_caps(None)
  File "E:\developmentTools\pythonworkspace\up366_app_stu\android_stu\up366_appUI_stu\public\desire_caps.py", line 37, in set_caps
    driver = webdriver.Remote('http://localhost:4723/wd/hub', desired_caps)
  File "C:\Program Files (x86)\Python36-32\lib\site-packages\appium\webdriver\webdriver.py", line 96, in __init__
    super(WebDriver, self).__init__(command_executor, desired_capabilities, browser_profile, proxy, keep_alive)
  File "C:\Program Files (x86)\Python36-32\lib\site-packages\selenium\webdriver\remote\webdriver.py", line 157, in __init__
    self.start_session(capabilities, browser_profile)
  File "C:\Program Files (x86)\Python36-32\lib\site-packages\appium\webdriver\webdriver.py", line 137, in start_session
    response = self.execute(RemoteCommand.NEW_SESSION, parameters)
  File "C:\Program Files (x86)\Python36-32\lib\site-packages\selenium\webdriver\remote\webdriver.py", line 321, in execute
    self.error_handler.check_response(response)
  File "C:\Program Files (x86)\Python36-32\lib\site-packages\selenium\webdriver\remote\errorhandler.py", line 242, in check_response
    raise exception_class(message, screen, stacktrace)
selenium.common.exceptions.WebDriverException: Message: An unknown server-side error occurred while processing the command. Original error: Could not find aapt Please set the ANDROID_HOME environment variable with the Android SDK root directory path.



        </pre>
    </div>
    <!--css div popup end-->

    </td>
</tr>

<tr id='ft3.4' class='none'>
    <td class='errorCase'><div class='testcase'>my_question)</div></td>
    <td colspan='5' align='center'>

    <!--css div popup start-->
    <a class="popup_link" onfocus='this.blur();' href="javascript:showTestDetail('div_ft3.4')" >
        error</a>

    <div id='div_ft3.4' class="popup_window">
        <div style='text-align: right; color:red;cursor:pointer'>
        <a onfocus='this.blur();' onclick="document.getElementById('div_ft3.4').style.display = 'none' " >
           [x]</a>
        </div>
        <pre>
        
ft3.4: [32m2019-09-30 10:13:45[info]:mybooksTest.py Áî®‰æãÂºÄÂßãÊâßË°å[0m
Traceback (most recent call last):
  File "E:\developmentTools\pythonworkspace\up366_app_stu\android_stu\up366_appUI_stu\testCase\class\question\MyQuestionTest.py", line 21, in setUpClass
    self.driver = Caps.set_caps(None)
  File "E:\developmentTools\pythonworkspace\up366_app_stu\android_stu\up366_appUI_stu\public\desire_caps.py", line 37, in set_caps
    driver = webdriver.Remote('http://localhost:4723/wd/hub', desired_caps)
  File "C:\Program Files (x86)\Python36-32\lib\site-packages\appium\webdriver\webdriver.py", line 96, in __init__
    super(WebDriver, self).__init__(command_executor, desired_capabilities, browser_profile, proxy, keep_alive)
  File "C:\Program Files (x86)\Python36-32\lib\site-packages\selenium\webdriver\remote\webdriver.py", line 157, in __init__
    self.start_session(capabilities, browser_profile)
  File "C:\Program Files (x86)\Python36-32\lib\site-packages\appium\webdriver\webdriver.py", line 137, in start_session
    response = self.execute(RemoteCommand.NEW_SESSION, parameters)
  File "C:\Program Files (x86)\Python36-32\lib\site-packages\selenium\webdriver\remote\webdriver.py", line 321, in execute
    self.error_handler.check_response(response)
  File "C:\Program Files (x86)\Python36-32\lib\site-packages\selenium\webdriver\remote\errorhandler.py", line 242, in check_response
    raise exception_class(message, screen, stacktrace)
selenium.common.exceptions.WebDriverException: Message: An unknown server-side error occurred while processing the command. Original error: Could not find aapt Please set the ANDROID_HOME environment variable with the Android SDK root directory path.



        </pre>
    </div>
    <!--css div popup end-->

    </td>
</tr>

<tr id='ft3.5' class='none'>
    <td class='errorCase'><div class='testcase'>my_question)</div></td>
    <td colspan='5' align='center'>

    <!--css div popup start-->
    <a class="popup_link" onfocus='this.blur();' href="javascript:showTestDetail('div_ft3.5')" >
        error</a>

    <div id='div_ft3.5' class="popup_window">
        <div style='text-align: right; color:red;cursor:pointer'>
        <a onfocus='this.blur();' onclick="document.getElementById('div_ft3.5').style.display = 'none' " >
           [x]</a>
        </div>
        <pre>
        
ft3.5: [32m2019-09-30 10:13:57[info]:NewQuestion.py Áî®‰æãÂºÄÂßãÊâßË°å[0m
Traceback (most recent call last):
  File "E:\developmentTools\pythonworkspace\up366_app_stu\android_stu\up366_appUI_stu\testCase\class\question\QuestionTest.py", line 21, in setUpClass
    self.driver = Caps.set_caps(None)
  File "E:\developmentTools\pythonworkspace\up366_app_stu\android_stu\up366_appUI_stu\public\desire_caps.py", line 37, in set_caps
    driver = webdriver.Remote('http://localhost:4723/wd/hub', desired_caps)
  File "C:\Program Files (x86)\Python36-32\lib\site-packages\appium\webdriver\webdriver.py", line 96, in __init__
    super(WebDriver, self).__init__(command_executor, desired_capabilities, browser_profile, proxy, keep_alive)
  File "C:\Program Files (x86)\Python36-32\lib\site-packages\selenium\webdriver\remote\webdriver.py", line 157, in __init__
    self.start_session(capabilities, browser_profile)
  File "C:\Program Files (x86)\Python36-32\lib\site-packages\appium\webdriver\webdriver.py", line 137, in start_session
    response = self.execute(RemoteCommand.NEW_SESSION, parameters)
  File "C:\Program Files (x86)\Python36-32\lib\site-packages\selenium\webdriver\remote\webdriver.py", line 321, in execute
    self.error_handler.check_response(response)
  File "C:\Program Files (x86)\Python36-32\lib\site-packages\selenium\webdriver\remote\errorhandler.py", line 242, in check_response
    raise exception_class(message, screen, stacktrace)
selenium.common.exceptions.WebDriverException: Message: An unknown server-side error occurred while processing the command. Original error: Could not find aapt Please set the ANDROID_HOME environment variable with the Android SDK root directory path.



        </pre>
    </div>
    <!--css div popup end-->

    </td>
</tr>

<tr id='ft3.6' class='none'>
    <td class='errorCase'><div class='testcase'>gostudy)</div></td>
    <td colspan='5' align='center'>

    <!--css div popup start-->
    <a class="popup_link" onfocus='this.blur();' href="javascript:showTestDetail('div_ft3.6')" >
        error</a>

    <div id='div_ft3.6' class="popup_window">
        <div style='text-align: right; color:red;cursor:pointer'>
        <a onfocus='this.blur();' onclick="document.getElementById('div_ft3.6').style.display = 'none' " >
           [x]</a>
        </div>
        <pre>
        
ft3.6: [32m2019-09-30 10:15:22[info]:goStudy.pyÁî®‰æãÂºÄÂßãÊâßË°å[0m
Traceback (most recent call last):
  File "E:\developmentTools\pythonworkspace\up366_app_stu\android_stu\up366_appUI_stu\testCase\recommend\book\goStudyTest.py", line 18, in setUpClass
    cls.driver = Caps.set_caps(cls)
  File "E:\developmentTools\pythonworkspace\up366_app_stu\android_stu\up366_appUI_stu\public\desire_caps.py", line 37, in set_caps
    driver = webdriver.Remote('http://localhost:4723/wd/hub', desired_caps)
  File "C:\Program Files (x86)\Python36-32\lib\site-packages\appium\webdriver\webdriver.py", line 96, in __init__
    super(WebDriver, self).__init__(command_executor, desired_capabilities, browser_profile, proxy, keep_alive)
  File "C:\Program Files (x86)\Python36-32\lib\site-packages\selenium\webdriver\remote\webdriver.py", line 157, in __init__
    self.start_session(capabilities, browser_profile)
  File "C:\Program Files (x86)\Python36-32\lib\site-packages\appium\webdriver\webdriver.py", line 137, in start_session
    response = self.execute(RemoteCommand.NEW_SESSION, parameters)
  File "C:\Program Files (x86)\Python36-32\lib\site-packages\selenium\webdriver\remote\webdriver.py", line 321, in execute
    self.error_handler.check_response(response)
  File "C:\Program Files (x86)\Python36-32\lib\site-packages\selenium\webdriver\remote\errorhandler.py", line 242, in check_response
    raise exception_class(message, screen, stacktrace)
selenium.common.exceptions.WebDriverException: Message: An unknown server-side error occurred while processing the command. Original error: Could not find aapt Please set the ANDROID_HOME environment variable with the Android SDK root directory path.



        </pre>
    </div>
    <!--css div popup end-->

    </td>
</tr>

<tr id='ft3.7' class='none'>
    <td class='errorCase'><div class='testcase'>findcourse)</div></td>
    <td colspan='5' align='center'>

    <!--css div popup start-->
    <a class="popup_link" onfocus='this.blur();' href="javascript:showTestDetail('div_ft3.7')" >
        error</a>

    <div id='div_ft3.7' class="popup_window">
        <div style='text-align: right; color:red;cursor:pointer'>
        <a onfocus='this.blur();' onclick="document.getElementById('div_ft3.7').style.display = 'none' " >
           [x]</a>
        </div>
        <pre>
        
ft3.7: [32m2019-09-30 10:15:22[info]:goStudy.pyÁî®‰æãÂºÄÂßãÊâßË°å[0m
Traceback (most recent call last):
  File "E:\developmentTools\pythonworkspace\up366_app_stu\android_stu\up366_appUI_stu\testCase\recommend\findcourse\findCourseTest.py", line 22, in setUpClass
    self.driver = Caps.set_caps(None)
  File "E:\developmentTools\pythonworkspace\up366_app_stu\android_stu\up366_appUI_stu\public\desire_caps.py", line 37, in set_caps
    driver = webdriver.Remote('http://localhost:4723/wd/hub', desired_caps)
  File "C:\Program Files (x86)\Python36-32\lib\site-packages\appium\webdriver\webdriver.py", line 96, in __init__
    super(WebDriver, self).__init__(command_executor, desired_capabilities, browser_profile, proxy, keep_alive)
  File "C:\Program Files (x86)\Python36-32\lib\site-packages\selenium\webdriver\remote\webdriver.py", line 157, in __init__
    self.start_session(capabilities, browser_profile)
  File "C:\Program Files (x86)\Python36-32\lib\site-packages\appium\webdriver\webdriver.py", line 137, in start_session
    response = self.execute(RemoteCommand.NEW_SESSION, parameters)
  File "C:\Program Files (x86)\Python36-32\lib\site-packages\selenium\webdriver\remote\webdriver.py", line 321, in execute
    self.error_handler.check_response(response)
  File "C:\Program Files (x86)\Python36-32\lib\site-packages\selenium\webdriver\remote\errorhandler.py", line 242, in check_response
    raise exception_class(message, screen, stacktrace)
selenium.common.exceptions.WebDriverException: Message: An unknown server-side error occurred while processing the command. Original error: Could not find aapt Please set the ANDROID_HOME environment variable with the Android SDK root directory path.



        </pre>
    </div>
    <!--css div popup end-->

    </td>
</tr>

<tr id='ft3.8' class='none'>
    <td class='errorCase'><div class='testcase'>changepwd)</div></td>
    <td colspan='5' align='center'>

    <!--css div popup start-->
    <a class="popup_link" onfocus='this.blur();' href="javascript:showTestDetail('div_ft3.8')" >
        error</a>

    <div id='div_ft3.8' class="popup_window">
        <div style='text-align: right; color:red;cursor:pointer'>
        <a onfocus='this.blur();' onclick="document.getElementById('div_ft3.8').style.display = 'none' " >
           [x]</a>
        </div>
        <pre>
        
ft3.8: [32m2019-09-30 10:15:39[info]:messageTest.py Áî®‰æãÂºÄÂßãÊâßË°å[0m
Traceback (most recent call last):
  File "E:\developmentTools\pythonworkspace\up366_app_stu\android_stu\up366_appUI_stu\testCase\user\changepwd\changepwdTest.py", line 17, in setUpClass
    cls.driver = Caps.set_caps(cls)
  File "E:\developmentTools\pythonworkspace\up366_app_stu\android_stu\up366_appUI_stu\public\desire_caps.py", line 37, in set_caps
    driver = webdriver.Remote('http://localhost:4723/wd/hub', desired_caps)
  File "C:\Program Files (x86)\Python36-32\lib\site-packages\appium\webdriver\webdriver.py", line 96, in __init__
    super(WebDriver, self).__init__(command_executor, desired_capabilities, browser_profile, proxy, keep_alive)
  File "C:\Program Files (x86)\Python36-32\lib\site-packages\selenium\webdriver\remote\webdriver.py", line 157, in __init__
    self.start_session(capabilities, browser_profile)
  File "C:\Program Files (x86)\Python36-32\lib\site-packages\appium\webdriver\webdriver.py", line 137, in start_session
    response = self.execute(RemoteCommand.NEW_SESSION, parameters)
  File "C:\Program Files (x86)\Python36-32\lib\site-packages\selenium\webdriver\remote\webdriver.py", line 321, in execute
    self.error_handler.check_response(response)
  File "C:\Program Files (x86)\Python36-32\lib\site-packages\selenium\webdriver\remote\errorhandler.py", line 242, in check_response
    raise exception_class(message, screen, stacktrace)
selenium.common.exceptions.WebDriverException: Message: An unknown server-side error occurred while processing the command. Original error: Could not find aapt Please set the ANDROID_HOME environment variable with the Android SDK root directory path.



        </pre>
    </div>
    <!--css div popup end-->

    </td>
</tr>

<tr id='ft3.9' class='none'>
    <td class='errorCase'><div class='testcase'>Register)</div></td>
    <td colspan='5' align='center'>

    <!--css div popup start-->
    <a class="popup_link" onfocus='this.blur();' href="javascript:showTestDetail('div_ft3.9')" >
        error</a>

    <div id='div_ft3.9' class="popup_window">
        <div style='text-align: right; color:red;cursor:pointer'>
        <a onfocus='this.blur();' onclick="document.getElementById('div_ft3.9').style.display = 'none' " >
           [x]</a>
        </div>
        <pre>
        
ft3.9: Traceback (most recent call last):
  File "E:\developmentTools\pythonworkspace\up366_app_stu\android_stu\up366_appUI_stu\testCase\user\login\userRegisterTest.py", line 24, in setUpClass
    self.driver = Caps.set_caps(None)
  File "E:\developmentTools\pythonworkspace\up366_app_stu\android_stu\up366_appUI_stu\public\desire_caps.py", line 37, in set_caps
    driver = webdriver.Remote('http://localhost:4723/wd/hub', desired_caps)
  File "C:\Program Files (x86)\Python36-32\lib\site-packages\appium\webdriver\webdriver.py", line 96, in __init__
    super(WebDriver, self).__init__(command_executor, desired_capabilities, browser_profile, proxy, keep_alive)
  File "C:\Program Files (x86)\Python36-32\lib\site-packages\selenium\webdriver\remote\webdriver.py", line 157, in __init__
    self.start_session(capabilities, browser_profile)
  File "C:\Program Files (x86)\Python36-32\lib\site-packages\appium\webdriver\webdriver.py", line 137, in start_session
    response = self.execute(RemoteCommand.NEW_SESSION, parameters)
  File "C:\Program Files (x86)\Python36-32\lib\site-packages\selenium\webdriver\remote\webdriver.py", line 321, in execute
    self.error_handler.check_response(response)
  File "C:\Program Files (x86)\Python36-32\lib\site-packages\selenium\webdriver\remote\errorhandler.py", line 242, in check_response
    raise exception_class(message, screen, stacktrace)
selenium.common.exceptions.WebDriverException: Message: An unknown server-side error occurred while processing the command. Original error: Could not find aapt Please set the ANDROID_HOME environment variable with the Android SDK root directory path.



        </pre>
    </div>
    <!--css div popup end-->

    </td>
</tr>

<tr id='ft3.10' class='none'>
    <td class='errorCase'><div class='testcase'>Login)</div></td>
    <td colspan='5' align='center'>

    <!--css div popup start-->
    <a class="popup_link" onfocus='this.blur();' href="javascript:showTestDetail('div_ft3.10')" >
        error</a>

    <div id='div_ft3.10' class="popup_window">
        <div style='text-align: right; color:red;cursor:pointer'>
        <a onfocus='this.blur();' onclick="document.getElementById('div_ft3.10').style.display = 'none' " >
           [x]</a>
        </div>
        <pre>
        
ft3.10: Traceback (most recent call last):
  File "E:\developmentTools\pythonworkspace\up366_app_stu\android_stu\up366_appUI_stu\testCase\user\login\userloginTest.py", line 20, in setUpClass
    self.driver = Caps.set_caps(None)
  File "E:\developmentTools\pythonworkspace\up366_app_stu\android_stu\up366_appUI_stu\public\desire_caps.py", line 37, in set_caps
    driver = webdriver.Remote('http://localhost:4723/wd/hub', desired_caps)
  File "C:\Program Files (x86)\Python36-32\lib\site-packages\appium\webdriver\webdriver.py", line 96, in __init__
    super(WebDriver, self).__init__(command_executor, desired_capabilities, browser_profile, proxy, keep_alive)
  File "C:\Program Files (x86)\Python36-32\lib\site-packages\selenium\webdriver\remote\webdriver.py", line 157, in __init__
    self.start_session(capabilities, browser_profile)
  File "C:\Program Files (x86)\Python36-32\lib\site-packages\appium\webdriver\webdriver.py", line 137, in start_session
    response = self.execute(RemoteCommand.NEW_SESSION, parameters)
  File "C:\Program Files (x86)\Python36-32\lib\site-packages\selenium\webdriver\remote\webdriver.py", line 321, in execute
    self.error_handler.check_response(response)
  File "C:\Program Files (x86)\Python36-32\lib\site-packages\selenium\webdriver\remote\errorhandler.py", line 242, in check_response
    raise exception_class(message, screen, stacktrace)
selenium.common.exceptions.WebDriverException: Message: An unknown server-side error occurred while processing the command. Original error: Could not find aapt Please set the ANDROID_HOME environment variable with the Android SDK root directory path.



        </pre>
    </div>
    <!--css div popup end-->

    </td>
</tr>

<tr id='ft3.11' class='none'>
    <td class='errorCase'><div class='testcase'>setup)</div></td>
    <td colspan='5' align='center'>

    <!--css div popup start-->
    <a class="popup_link" onfocus='this.blur();' href="javascript:showTestDetail('div_ft3.11')" >
        error</a>

    <div id='div_ft3.11' class="popup_window">
        <div style='text-align: right; color:red;cursor:pointer'>
        <a onfocus='this.blur();' onclick="document.getElementById('div_ft3.11').style.display = 'none' " >
           [x]</a>
        </div>
        <pre>
        
ft3.11: Traceback (most recent call last):
  File "E:\developmentTools\pythonworkspace\up366_app_stu\android_stu\up366_appUI_stu\testCase\user\setup\setUpTest.py", line 23, in setUpClass
    cls.driver = Caps.set_caps(None)
  File "E:\developmentTools\pythonworkspace\up366_app_stu\android_stu\up366_appUI_stu\public\desire_caps.py", line 37, in set_caps
    driver = webdriver.Remote('http://localhost:4723/wd/hub', desired_caps)
  File "C:\Program Files (x86)\Python36-32\lib\site-packages\appium\webdriver\webdriver.py", line 96, in __init__
    super(WebDriver, self).__init__(command_executor, desired_capabilities, browser_profile, proxy, keep_alive)
  File "C:\Program Files (x86)\Python36-32\lib\site-packages\selenium\webdriver\remote\webdriver.py", line 157, in __init__
    self.start_session(capabilities, browser_profile)
  File "C:\Program Files (x86)\Python36-32\lib\site-packages\appium\webdriver\webdriver.py", line 137, in start_session
    response = self.execute(RemoteCommand.NEW_SESSION, parameters)
  File "C:\Program Files (x86)\Python36-32\lib\site-packages\selenium\webdriver\remote\webdriver.py", line 321, in execute
    self.error_handler.check_response(response)
  File "C:\Program Files (x86)\Python36-32\lib\site-packages\selenium\webdriver\remote\errorhandler.py", line 242, in check_response
    raise exception_class(message, screen, stacktrace)
selenium.common.exceptions.WebDriverException: Message: An unknown server-side error occurred while processing the command. Original error: Could not find aapt Please set the ANDROID_HOME environment variable with the Android SDK root directory path.



        </pre>
    </div>
    <!--css div popup end-->

    </td>
</tr>

<tr id='ft3.12' class='none'>
    <td class='errorCase'><div class='testcase'>realname)</div></td>
    <td colspan='5' align='center'>

    <!--css div popup start-->
    <a class="popup_link" onfocus='this.blur();' href="javascript:showTestDetail('div_ft3.12')" >
        error</a>

    <div id='div_ft3.12' class="popup_window">
        <div style='text-align: right; color:red;cursor:pointer'>
        <a onfocus='this.blur();' onclick="document.getElementById('div_ft3.12').style.display = 'none' " >
           [x]</a>
        </div>
        <pre>
        
ft3.12: Traceback (most recent call last):
  File "E:\developmentTools\pythonworkspace\up366_app_stu\android_stu\up366_appUI_stu\testCase\user\userinfo\realNameTest.py", line 18, in setUpClass
    cls.driver = Caps.set_caps(None)
  File "E:\developmentTools\pythonworkspace\up366_app_stu\android_stu\up366_appUI_stu\public\desire_caps.py", line 37, in set_caps
    driver = webdriver.Remote('http://localhost:4723/wd/hub', desired_caps)
  File "C:\Program Files (x86)\Python36-32\lib\site-packages\appium\webdriver\webdriver.py", line 96, in __init__
    super(WebDriver, self).__init__(command_executor, desired_capabilities, browser_profile, proxy, keep_alive)
  File "C:\Program Files (x86)\Python36-32\lib\site-packages\selenium\webdriver\remote\webdriver.py", line 157, in __init__
    self.start_session(capabilities, browser_profile)
  File "C:\Program Files (x86)\Python36-32\lib\site-packages\appium\webdriver\webdriver.py", line 137, in start_session
    response = self.execute(RemoteCommand.NEW_SESSION, parameters)
  File "C:\Program Files (x86)\Python36-32\lib\site-packages\selenium\webdriver\remote\webdriver.py", line 321, in execute
    self.error_handler.check_response(response)
  File "C:\Program Files (x86)\Python36-32\lib\site-packages\selenium\webdriver\remote\errorhandler.py", line 242, in check_response
    raise exception_class(message, screen, stacktrace)
selenium.common.exceptions.WebDriverException: Message: An unknown server-side error occurred while processing the command. Original error: Could not find aapt Please set the ANDROID_HOME environment variable with the Android SDK root directory path.



        </pre>
    </div>
    <!--css div popup end-->

    </td>
</tr>

<tr id='ft3.13' class='none'>
    <td class='errorCase'><div class='testcase'>studentId)</div></td>
    <td colspan='5' align='center'>

    <!--css div popup start-->
    <a class="popup_link" onfocus='this.blur();' href="javascript:showTestDetail('div_ft3.13')" >
        error</a>

    <div id='div_ft3.13' class="popup_window">
        <div style='text-align: right; color:red;cursor:pointer'>
        <a onfocus='this.blur();' onclick="document.getElementById('div_ft3.13').style.display = 'none' " >
           [x]</a>
        </div>
        <pre>
        
ft3.13: Traceback (most recent call last):
  File "E:\developmentTools\pythonworkspace\up366_app_stu\android_stu\up366_appUI_stu\testCase\user\userinfo\studentIdTest.py", line 17, in setUpClass
    cls.driver = Caps.set_caps(None)
  File "E:\developmentTools\pythonworkspace\up366_app_stu\android_stu\up366_appUI_stu\public\desire_caps.py", line 37, in set_caps
    driver = webdriver.Remote('http://localhost:4723/wd/hub', desired_caps)
  File "C:\Program Files (x86)\Python36-32\lib\site-packages\appium\webdriver\webdriver.py", line 96, in __init__
    super(WebDriver, self).__init__(command_executor, desired_capabilities, browser_profile, proxy, keep_alive)
  File "C:\Program Files (x86)\Python36-32\lib\site-packages\selenium\webdriver\remote\webdriver.py", line 157, in __init__
    self.start_session(capabilities, browser_profile)
  File "C:\Program Files (x86)\Python36-32\lib\site-packages\appium\webdriver\webdriver.py", line 137, in start_session
    response = self.execute(RemoteCommand.NEW_SESSION, parameters)
  File "C:\Program Files (x86)\Python36-32\lib\site-packages\selenium\webdriver\remote\webdriver.py", line 321, in execute
    self.error_handler.check_response(response)
  File "C:\Program Files (x86)\Python36-32\lib\site-packages\selenium\webdriver\remote\errorhandler.py", line 242, in check_response
    raise exception_class(message, screen, stacktrace)
selenium.common.exceptions.WebDriverException: Message: An unknown server-side error occurred while processing the command. Original error: Could not find aapt Please set the ANDROID_HOME environment variable with the Android SDK root directory path.



        </pre>
    </div>
    <!--css div popup end-->

    </td>
</tr>

<tr id='ft3.14' class='none'>
    <td class='errorCase'><div class='testcase'>userClass)</div></td>
    <td colspan='5' align='center'>

    <!--css div popup start-->
    <a class="popup_link" onfocus='this.blur();' href="javascript:showTestDetail('div_ft3.14')" >
        error</a>

    <div id='div_ft3.14' class="popup_window">
        <div style='text-align: right; color:red;cursor:pointer'>
        <a onfocus='this.blur();' onclick="document.getElementById('div_ft3.14').style.display = 'none' " >
           [x]</a>
        </div>
        <pre>
        
ft3.14: Traceback (most recent call last):
  File "E:\developmentTools\pythonworkspace\up366_app_stu\android_stu\up366_appUI_stu\testCase\user\userinfo\userClassTest.py", line 18, in setUpClass
    cls.driver = Caps.set_caps(None)
  File "E:\developmentTools\pythonworkspace\up366_app_stu\android_stu\up366_appUI_stu\public\desire_caps.py", line 37, in set_caps
    driver = webdriver.Remote('http://localhost:4723/wd/hub', desired_caps)
  File "C:\Program Files (x86)\Python36-32\lib\site-packages\appium\webdriver\webdriver.py", line 96, in __init__
    super(WebDriver, self).__init__(command_executor, desired_capabilities, browser_profile, proxy, keep_alive)
  File "C:\Program Files (x86)\Python36-32\lib\site-packages\selenium\webdriver\remote\webdriver.py", line 157, in __init__
    self.start_session(capabilities, browser_profile)
  File "C:\Program Files (x86)\Python36-32\lib\site-packages\appium\webdriver\webdriver.py", line 137, in start_session
    response = self.execute(RemoteCommand.NEW_SESSION, parameters)
  File "C:\Program Files (x86)\Python36-32\lib\site-packages\selenium\webdriver\remote\webdriver.py", line 321, in execute
    self.error_handler.check_response(response)
  File "C:\Program Files (x86)\Python36-32\lib\site-packages\selenium\webdriver\remote\errorhandler.py", line 242, in check_response
    raise exception_class(message, screen, stacktrace)
selenium.common.exceptions.WebDriverException: Message: An unknown server-side error occurred while processing the command. Original error: Could not find aapt Please set the ANDROID_HOME environment variable with the Android SDK root directory path.



        </pre>
    </div>
    <!--css div popup end-->

    </td>
</tr>

<tr id='ft3.15' class='none'>
    <td class='errorCase'><div class='testcase'>userpicture)</div></td>
    <td colspan='5' align='center'>

    <!--css div popup start-->
    <a class="popup_link" onfocus='this.blur();' href="javascript:showTestDetail('div_ft3.15')" >
        error</a>

    <div id='div_ft3.15' class="popup_window">
        <div style='text-align: right; color:red;cursor:pointer'>
        <a onfocus='this.blur();' onclick="document.getElementById('div_ft3.15').style.display = 'none' " >
           [x]</a>
        </div>
        <pre>
        
ft3.15: Traceback (most recent call last):
  File "E:\developmentTools\pythonworkspace\up366_app_stu\android_stu\up366_appUI_stu\testCase\user\userinfo\userPictureTest.py", line 20, in setUpClass
    cls.driver = Caps.set_caps(None)
  File "E:\developmentTools\pythonworkspace\up366_app_stu\android_stu\up366_appUI_stu\public\desire_caps.py", line 37, in set_caps
    driver = webdriver.Remote('http://localhost:4723/wd/hub', desired_caps)
  File "C:\Program Files (x86)\Python36-32\lib\site-packages\appium\webdriver\webdriver.py", line 96, in __init__
    super(WebDriver, self).__init__(command_executor, desired_capabilities, browser_profile, proxy, keep_alive)
  File "C:\Program Files (x86)\Python36-32\lib\site-packages\selenium\webdriver\remote\webdriver.py", line 157, in __init__
    self.start_session(capabilities, browser_profile)
  File "C:\Program Files (x86)\Python36-32\lib\site-packages\appium\webdriver\webdriver.py", line 137, in start_session
    response = self.execute(RemoteCommand.NEW_SESSION, parameters)
  File "C:\Program Files (x86)\Python36-32\lib\site-packages\selenium\webdriver\remote\webdriver.py", line 321, in execute
    self.error_handler.check_response(response)
  File "C:\Program Files (x86)\Python36-32\lib\site-packages\selenium\webdriver\remote\errorhandler.py", line 242, in check_response
    raise exception_class(message, screen, stacktrace)
selenium.common.exceptions.WebDriverException: Message: An unknown server-side error occurred while processing the command. Original error: Could not find aapt Please set the ANDROID_HOME environment variable with the Android SDK root directory path.



        </pre>
    </div>
    <!--css div popup end-->

    </td>
</tr>

<tr class='errorClass'>
    <td>class.myclass.homeWorkTest.homework</td>
    <td>6</td>
    <td>0</td>
    <td>0</td>
    <td>6</td>
    <td><a href="javascript:showClassDetail('c4',6)">Detail</a></td>
</tr>

<tr id='ft4.1' class='none'>
    <td class='errorCase'><div class='testcase'>test_back: ÊµãËØïËøîÂõûÊåâÈíÆ</div></td>
    <td colspan='5' align='center'>

    <!--css div popup start-->
    <a class="popup_link" onfocus='this.blur();' href="javascript:showTestDetail('div_ft4.1')" >
        error</a>

    <div id='div_ft4.1' class="popup_window">
        <div style='text-align: right; color:red;cursor:pointer'>
        <a onfocus='this.blur();' onclick="document.getElementById('div_ft4.1').style.display = 'none' " >
           [x]</a>
        </div>
        <pre>
        
ft4.1: [32m2019-09-30 10:12:48[info]:homeWorkTest.py Áî®‰æãÂºÄÂßãÊâßË°å[0m
Traceback (most recent call last):
  File "E:\developmentTools\pythonworkspace\up366_app_stu\android_stu\up366_appUI_stu\testCase\class\myclass\homeWorkTest.py", line 18, in setUp
    self.driver = Caps.set_caps(None)
  File "E:\developmentTools\pythonworkspace\up366_app_stu\android_stu\up366_appUI_stu\public\desire_caps.py", line 37, in set_caps
    driver = webdriver.Remote('http://localhost:4723/wd/hub', desired_caps)
  File "C:\Program Files (x86)\Python36-32\lib\site-packages\appium\webdriver\webdriver.py", line 96, in __init__
    super(WebDriver, self).__init__(command_executor, desired_capabilities, browser_profile, proxy, keep_alive)
  File "C:\Program Files (x86)\Python36-32\lib\site-packages\selenium\webdriver\remote\webdriver.py", line 157, in __init__
    self.start_session(capabilities, browser_profile)
  File "C:\Program Files (x86)\Python36-32\lib\site-packages\appium\webdriver\webdriver.py", line 137, in start_session
    response = self.execute(RemoteCommand.NEW_SESSION, parameters)
  File "C:\Program Files (x86)\Python36-32\lib\site-packages\selenium\webdriver\remote\webdriver.py", line 321, in execute
    self.error_handler.check_response(response)
  File "C:\Program Files (x86)\Python36-32\lib\site-packages\selenium\webdriver\remote\errorhandler.py", line 242, in check_response
    raise exception_class(message, screen, stacktrace)
selenium.common.exceptions.WebDriverException: Message: An unknown server-side error occurred while processing the command. Original error: Could not find aapt Please set the ANDROID_HOME environment variable with the Android SDK root directory path.



        </pre>
    </div>
    <!--css div popup end-->

    </td>
</tr>

<tr id='ft4.2' class='none'>
    <td class='errorCase'><div class='testcase'>test_default_homeworklist: ÊµãËØïÈªòËÆ§ÊòæÁ§∫ÂΩìÂâç‰Ωú‰∏ö</div></td>
    <td colspan='5' align='center'>

    <!--css div popup start-->
    <a class="popup_link" onfocus='this.blur();' href="javascript:showTestDetail('div_ft4.2')" >
        error</a>

    <div id='div_ft4.2' class="popup_window">
        <div style='text-align: right; color:red;cursor:pointer'>
        <a onfocus='this.blur();' onclick="document.getElementById('div_ft4.2').style.display = 'none' " >
           [x]</a>
        </div>
        <pre>
        
ft4.2: [32m2019-09-30 10:12:54[info]:homeWorkTest.py Áî®‰æãÂºÄÂßãÊâßË°å[0m
Traceback (most recent call last):
  File "E:\developmentTools\pythonworkspace\up366_app_stu\android_stu\up366_appUI_stu\testCase\class\myclass\homeWorkTest.py", line 18, in setUp
    self.driver = Caps.set_caps(None)
  File "E:\developmentTools\pythonworkspace\up366_app_stu\android_stu\up366_appUI_stu\public\desire_caps.py", line 37, in set_caps
    driver = webdriver.Remote('http://localhost:4723/wd/hub', desired_caps)
  File "C:\Program Files (x86)\Python36-32\lib\site-packages\appium\webdriver\webdriver.py", line 96, in __init__
    super(WebDriver, self).__init__(command_executor, desired_capabilities, browser_profile, proxy, keep_alive)
  File "C:\Program Files (x86)\Python36-32\lib\site-packages\selenium\webdriver\remote\webdriver.py", line 157, in __init__
    self.start_session(capabilities, browser_profile)
  File "C:\Program Files (x86)\Python36-32\lib\site-packages\appium\webdriver\webdriver.py", line 137, in start_session
    response = self.execute(RemoteCommand.NEW_SESSION, parameters)
  File "C:\Program Files (x86)\Python36-32\lib\site-packages\selenium\webdriver\remote\webdriver.py", line 321, in execute
    self.error_handler.check_response(response)
  File "C:\Program Files (x86)\Python36-32\lib\site-packages\selenium\webdriver\remote\errorhandler.py", line 242, in check_response
    raise exception_class(message, screen, stacktrace)
selenium.common.exceptions.WebDriverException: Message: An unknown server-side error occurred while processing the command. Original error: Could not find aapt Please set the ANDROID_HOME environment variable with the Android SDK root directory path.



        </pre>
    </div>
    <!--css div popup end-->

    </td>
</tr>

<tr id='ft4.3' class='none'>
    <td class='errorCase'><div class='testcase'>test_enter_homework: ÊµãËØïËøõÂÖ•‰Ωú‰∏öÂàóË°®È°µ</div></td>
    <td colspan='5' align='center'>

    <!--css div popup start-->
    <a class="popup_link" onfocus='this.blur();' href="javascript:showTestDetail('div_ft4.3')" >
        error</a>

    <div id='div_ft4.3' class="popup_window">
        <div style='text-align: right; color:red;cursor:pointer'>
        <a onfocus='this.blur();' onclick="document.getElementById('div_ft4.3').style.display = 'none' " >
           [x]</a>
        </div>
        <pre>
        
ft4.3: [32m2019-09-30 10:13:00[info]:homeWorkTest.py Áî®‰æãÂºÄÂßãÊâßË°å[0m
Traceback (most recent call last):
  File "E:\developmentTools\pythonworkspace\up366_app_stu\android_stu\up366_appUI_stu\testCase\class\myclass\homeWorkTest.py", line 18, in setUp
    self.driver = Caps.set_caps(None)
  File "E:\developmentTools\pythonworkspace\up366_app_stu\android_stu\up366_appUI_stu\public\desire_caps.py", line 37, in set_caps
    driver = webdriver.Remote('http://localhost:4723/wd/hub', desired_caps)
  File "C:\Program Files (x86)\Python36-32\lib\site-packages\appium\webdriver\webdriver.py", line 96, in __init__
    super(WebDriver, self).__init__(command_executor, desired_capabilities, browser_profile, proxy, keep_alive)
  File "C:\Program Files (x86)\Python36-32\lib\site-packages\selenium\webdriver\remote\webdriver.py", line 157, in __init__
    self.start_session(capabilities, browser_profile)
  File "C:\Program Files (x86)\Python36-32\lib\site-packages\appium\webdriver\webdriver.py", line 137, in start_session
    response = self.execute(RemoteCommand.NEW_SESSION, parameters)
  File "C:\Program Files (x86)\Python36-32\lib\site-packages\selenium\webdriver\remote\webdriver.py", line 321, in execute
    self.error_handler.check_response(response)
  File "C:\Program Files (x86)\Python36-32\lib\site-packages\selenium\webdriver\remote\errorhandler.py", line 242, in check_response
    raise exception_class(message, screen, stacktrace)
selenium.common.exceptions.WebDriverException: Message: An unknown server-side error occurred while processing the command. Original error: Could not find aapt Please set the ANDROID_HOME environment variable with the Android SDK root directory path.



        </pre>
    </div>
    <!--css div popup end-->

    </td>
</tr>

<tr id='ft4.4' class='none'>
    <td class='errorCase'><div class='testcase'>test_footer_homework: ÊµãËØïÈ°µÈù¢Â∫ïÈÉ®ÂõæÊ†áÁä∂ÊÄÅ</div></td>
    <td colspan='5' align='center'>

    <!--css div popup start-->
    <a class="popup_link" onfocus='this.blur();' href="javascript:showTestDetail('div_ft4.4')" >
        error</a>

    <div id='div_ft4.4' class="popup_window">
        <div style='text-align: right; color:red;cursor:pointer'>
        <a onfocus='this.blur();' onclick="document.getElementById('div_ft4.4').style.display = 'none' " >
           [x]</a>
        </div>
        <pre>
        
ft4.4: [32m2019-09-30 10:13:06[info]:homeWorkTest.py Áî®‰æãÂºÄÂßãÊâßË°å[0m
Traceback (most recent call last):
  File "E:\developmentTools\pythonworkspace\up366_app_stu\android_stu\up366_appUI_stu\testCase\class\myclass\homeWorkTest.py", line 18, in setUp
    self.driver = Caps.set_caps(None)
  File "E:\developmentTools\pythonworkspace\up366_app_stu\android_stu\up366_appUI_stu\public\desire_caps.py", line 37, in set_caps
    driver = webdriver.Remote('http://localhost:4723/wd/hub', desired_caps)
  File "C:\Program Files (x86)\Python36-32\lib\site-packages\appium\webdriver\webdriver.py", line 96, in __init__
    super(WebDriver, self).__init__(command_executor, desired_capabilities, browser_profile, proxy, keep_alive)
  File "C:\Program Files (x86)\Python36-32\lib\site-packages\selenium\webdriver\remote\webdriver.py", line 157, in __init__
    self.start_session(capabilities, browser_profile)
  File "C:\Program Files (x86)\Python36-32\lib\site-packages\appium\webdriver\webdriver.py", line 137, in start_session
    response = self.execute(RemoteCommand.NEW_SESSION, parameters)
  File "C:\Program Files (x86)\Python36-32\lib\site-packages\selenium\webdriver\remote\webdriver.py", line 321, in execute
    self.error_handler.check_response(response)
  File "C:\Program Files (x86)\Python36-32\lib\site-packages\selenium\webdriver\remote\errorhandler.py", line 242, in check_response
    raise exception_class(message, screen, stacktrace)
selenium.common.exceptions.WebDriverException: Message: An unknown server-side error occurred while processing the command. Original error: Could not find aapt Please set the ANDROID_HOME environment variable with the Android SDK root directory path.



        </pre>
    </div>
    <!--css div popup end-->

    </td>
</tr>

<tr id='ft4.5' class='none'>
    <td class='errorCase'><div class='testcase'>test_passed_homework: ÊµãËØïÂæÄÊúü‰Ωú‰∏ö</div></td>
    <td colspan='5' align='center'>

    <!--css div popup start-->
    <a class="popup_link" onfocus='this.blur();' href="javascript:showTestDetail('div_ft4.5')" >
        error</a>

    <div id='div_ft4.5' class="popup_window">
        <div style='text-align: right; color:red;cursor:pointer'>
        <a onfocus='this.blur();' onclick="document.getElementById('div_ft4.5').style.display = 'none' " >
           [x]</a>
        </div>
        <pre>
        
ft4.5: [32m2019-09-30 10:13:11[info]:homeWorkTest.py Áî®‰æãÂºÄÂßãÊâßË°å[0m
Traceback (most recent call last):
  File "E:\developmentTools\pythonworkspace\up366_app_stu\android_stu\up366_appUI_stu\testCase\class\myclass\homeWorkTest.py", line 18, in setUp
    self.driver = Caps.set_caps(None)
  File "E:\developmentTools\pythonworkspace\up366_app_stu\android_stu\up366_appUI_stu\public\desire_caps.py", line 37, in set_caps
    driver = webdriver.Remote('http://localhost:4723/wd/hub', desired_caps)
  File "C:\Program Files (x86)\Python36-32\lib\site-packages\appium\webdriver\webdriver.py", line 96, in __init__
    super(WebDriver, self).__init__(command_executor, desired_capabilities, browser_profile, proxy, keep_alive)
  File "C:\Program Files (x86)\Python36-32\lib\site-packages\selenium\webdriver\remote\webdriver.py", line 157, in __init__
    self.start_session(capabilities, browser_profile)
  File "C:\Program Files (x86)\Python36-32\lib\site-packages\appium\webdriver\webdriver.py", line 137, in start_session
    response = self.execute(RemoteCommand.NEW_SESSION, parameters)
  File "C:\Program Files (x86)\Python36-32\lib\site-packages\selenium\webdriver\remote\webdriver.py", line 321, in execute
    self.error_handler.check_response(response)
  File "C:\Program Files (x86)\Python36-32\lib\site-packages\selenium\webdriver\remote\errorhandler.py", line 242, in check_response
    raise exception_class(message, screen, stacktrace)
selenium.common.exceptions.WebDriverException: Message: An unknown server-side error occurred while processing the command. Original error: Could not find aapt Please set the ANDROID_HOME environment variable with the Android SDK root directory path.



        </pre>
    </div>
    <!--css div popup end-->

    </td>
</tr>

<tr id='ft4.6' class='none'>
    <td class='errorCase'><div class='testcase'>test_switch_homeworktab: ÊµãËØï‰ªéÂæÄÊúü‰Ωú‰∏öÂàáÊç¢Âà∞ÂΩìÂâç‰Ωú‰∏öÂàóË°®È°µ</div></td>
    <td colspan='5' align='center'>

    <!--css div popup start-->
    <a class="popup_link" onfocus='this.blur();' href="javascript:showTestDetail('div_ft4.6')" >
        error</a>

    <div id='div_ft4.6' class="popup_window">
        <div style='text-align: right; color:red;cursor:pointer'>
        <a onfocus='this.blur();' onclick="document.getElementById('div_ft4.6').style.display = 'none' " >
           [x]</a>
        </div>
        <pre>
        
ft4.6: [32m2019-09-30 10:13:17[info]:homeWorkTest.py Áî®‰æãÂºÄÂßãÊâßË°å[0m
Traceback (most recent call last):
  File "E:\developmentTools\pythonworkspace\up366_app_stu\android_stu\up366_appUI_stu\testCase\class\myclass\homeWorkTest.py", line 18, in setUp
    self.driver = Caps.set_caps(None)
  File "E:\developmentTools\pythonworkspace\up366_app_stu\android_stu\up366_appUI_stu\public\desire_caps.py", line 37, in set_caps
    driver = webdriver.Remote('http://localhost:4723/wd/hub', desired_caps)
  File "C:\Program Files (x86)\Python36-32\lib\site-packages\appium\webdriver\webdriver.py", line 96, in __init__
    super(WebDriver, self).__init__(command_executor, desired_capabilities, browser_profile, proxy, keep_alive)
  File "C:\Program Files (x86)\Python36-32\lib\site-packages\selenium\webdriver\remote\webdriver.py", line 157, in __init__
    self.start_session(capabilities, browser_profile)
  File "C:\Program Files (x86)\Python36-32\lib\site-packages\appium\webdriver\webdriver.py", line 137, in start_session
    response = self.execute(RemoteCommand.NEW_SESSION, parameters)
  File "C:\Program Files (x86)\Python36-32\lib\site-packages\selenium\webdriver\remote\webdriver.py", line 321, in execute
    self.error_handler.check_response(response)
  File "C:\Program Files (x86)\Python36-32\lib\site-packages\selenium\webdriver\remote\errorhandler.py", line 242, in check_response
    raise exception_class(message, screen, stacktrace)
selenium.common.exceptions.WebDriverException: Message: An unknown server-side error occurred while processing the command. Original error: Could not find aapt Please set the ANDROID_HOME environment variable with the Android SDK root directory path.



        </pre>
    </div>
    <!--css div popup end-->

    </td>
</tr>

<tr class='errorClass'>
    <td>class.myclass.myBooksTest.myBooks</td>
    <td>5</td>
    <td>0</td>
    <td>0</td>
    <td>5</td>
    <td><a href="javascript:showClassDetail('c5',5)">Detail</a></td>
</tr>

<tr id='ft5.1' class='none'>
    <td class='errorCase'><div class='testcase'>test_bookdetail_back: ÊµãËØïÊïôÊùêÈ°µÈù¢ËøîÂõûÊåâÈíÆ</div></td>
    <td colspan='5' align='center'>

    <!--css div popup start-->
    <a class="popup_link" onfocus='this.blur();' href="javascript:showTestDetail('div_ft5.1')" >
        error</a>

    <div id='div_ft5.1' class="popup_window">
        <div style='text-align: right; color:red;cursor:pointer'>
        <a onfocus='this.blur();' onclick="document.getElementById('div_ft5.1').style.display = 'none' " >
           [x]</a>
        </div>
        <pre>
        
ft5.1: [32m2019-09-30 10:13:22[info]:mybooksTest.py Áî®‰æãÂºÄÂßãÊâßË°å[0m
Traceback (most recent call last):
  File "E:\developmentTools\pythonworkspace\up366_app_stu\android_stu\up366_appUI_stu\testCase\class\myclass\myBooksTest.py", line 18, in setUp
    self.driver = Caps.set_caps(None)
  File "E:\developmentTools\pythonworkspace\up366_app_stu\android_stu\up366_appUI_stu\public\desire_caps.py", line 37, in set_caps
    driver = webdriver.Remote('http://localhost:4723/wd/hub', desired_caps)
  File "C:\Program Files (x86)\Python36-32\lib\site-packages\appium\webdriver\webdriver.py", line 96, in __init__
    super(WebDriver, self).__init__(command_executor, desired_capabilities, browser_profile, proxy, keep_alive)
  File "C:\Program Files (x86)\Python36-32\lib\site-packages\selenium\webdriver\remote\webdriver.py", line 157, in __init__
    self.start_session(capabilities, browser_profile)
  File "C:\Program Files (x86)\Python36-32\lib\site-packages\appium\webdriver\webdriver.py", line 137, in start_session
    response = self.execute(RemoteCommand.NEW_SESSION, parameters)
  File "C:\Program Files (x86)\Python36-32\lib\site-packages\selenium\webdriver\remote\webdriver.py", line 321, in execute
    self.error_handler.check_response(response)
  File "C:\Program Files (x86)\Python36-32\lib\site-packages\selenium\webdriver\remote\errorhandler.py", line 242, in check_response
    raise exception_class(message, screen, stacktrace)
selenium.common.exceptions.WebDriverException: Message: An unknown server-side error occurred while processing the command. Original error: Could not find aapt Please set the ANDROID_HOME environment variable with the Android SDK root directory path.



        </pre>
    </div>
    <!--css div popup end-->

    </td>
</tr>

<tr id='ft5.2' class='none'>
    <td class='errorCase'><div class='testcase'>test_bookdetail_enter: ÊµãËØïËøõÂÖ•ÊïôÊùê</div></td>
    <td colspan='5' align='center'>

    <!--css div popup start-->
    <a class="popup_link" onfocus='this.blur();' href="javascript:showTestDetail('div_ft5.2')" >
        error</a>

    <div id='div_ft5.2' class="popup_window">
        <div style='text-align: right; color:red;cursor:pointer'>
        <a onfocus='this.blur();' onclick="document.getElementById('div_ft5.2').style.display = 'none' " >
           [x]</a>
        </div>
        <pre>
        
ft5.2: [32m2019-09-30 10:13:28[info]:mybooksTest.py Áî®‰æãÂºÄÂßãÊâßË°å[0m
Traceback (most recent call last):
  File "E:\developmentTools\pythonworkspace\up366_app_stu\android_stu\up366_appUI_stu\testCase\class\myclass\myBooksTest.py", line 18, in setUp
    self.driver = Caps.set_caps(None)
  File "E:\developmentTools\pythonworkspace\up366_app_stu\android_stu\up366_appUI_stu\public\desire_caps.py", line 37, in set_caps
    driver = webdriver.Remote('http://localhost:4723/wd/hub', desired_caps)
  File "C:\Program Files (x86)\Python36-32\lib\site-packages\appium\webdriver\webdriver.py", line 96, in __init__
    super(WebDriver, self).__init__(command_executor, desired_capabilities, browser_profile, proxy, keep_alive)
  File "C:\Program Files (x86)\Python36-32\lib\site-packages\selenium\webdriver\remote\webdriver.py", line 157, in __init__
    self.start_session(capabilities, browser_profile)
  File "C:\Program Files (x86)\Python36-32\lib\site-packages\appium\webdriver\webdriver.py", line 137, in start_session
    response = self.execute(RemoteCommand.NEW_SESSION, parameters)
  File "C:\Program Files (x86)\Python36-32\lib\site-packages\selenium\webdriver\remote\webdriver.py", line 321, in execute
    self.error_handler.check_response(response)
  File "C:\Program Files (x86)\Python36-32\lib\site-packages\selenium\webdriver\remote\errorhandler.py", line 242, in check_response
    raise exception_class(message, screen, stacktrace)
selenium.common.exceptions.WebDriverException: Message: An unknown server-side error occurred while processing the command. Original error: Could not find aapt Please set the ANDROID_HOME environment variable with the Android SDK root directory path.



        </pre>
    </div>
    <!--css div popup end-->

    </td>
</tr>

<tr id='ft5.3' class='none'>
    <td class='errorCase'><div class='testcase'>test_booklist: ÊµãËØïÂàóË°®È°µ</div></td>
    <td colspan='5' align='center'>

    <!--css div popup start-->
    <a class="popup_link" onfocus='this.blur();' href="javascript:showTestDetail('div_ft5.3')" >
        error</a>

    <div id='div_ft5.3' class="popup_window">
        <div style='text-align: right; color:red;cursor:pointer'>
        <a onfocus='this.blur();' onclick="document.getElementById('div_ft5.3').style.display = 'none' " >
           [x]</a>
        </div>
        <pre>
        
ft5.3: [32m2019-09-30 10:13:34[info]:mybooksTest.py Áî®‰æãÂºÄÂßãÊâßË°å[0m
Traceback (most recent call last):
  File "E:\developmentTools\pythonworkspace\up366_app_stu\android_stu\up366_appUI_stu\testCase\class\myclass\myBooksTest.py", line 18, in setUp
    self.driver = Caps.set_caps(None)
  File "E:\developmentTools\pythonworkspace\up366_app_stu\android_stu\up366_appUI_stu\public\desire_caps.py", line 37, in set_caps
    driver = webdriver.Remote('http://localhost:4723/wd/hub', desired_caps)
  File "C:\Program Files (x86)\Python36-32\lib\site-packages\appium\webdriver\webdriver.py", line 96, in __init__
    super(WebDriver, self).__init__(command_executor, desired_capabilities, browser_profile, proxy, keep_alive)
  File "C:\Program Files (x86)\Python36-32\lib\site-packages\selenium\webdriver\remote\webdriver.py", line 157, in __init__
    self.start_session(capabilities, browser_profile)
  File "C:\Program Files (x86)\Python36-32\lib\site-packages\appium\webdriver\webdriver.py", line 137, in start_session
    response = self.execute(RemoteCommand.NEW_SESSION, parameters)
  File "C:\Program Files (x86)\Python36-32\lib\site-packages\selenium\webdriver\remote\webdriver.py", line 321, in execute
    self.error_handler.check_response(response)
  File "C:\Program Files (x86)\Python36-32\lib\site-packages\selenium\webdriver\remote\errorhandler.py", line 242, in check_response
    raise exception_class(message, screen, stacktrace)
selenium.common.exceptions.WebDriverException: Message: An unknown server-side error occurred while processing the command. Original error: Could not find aapt Please set the ANDROID_HOME environment variable with the Android SDK root directory path.



        </pre>
    </div>
    <!--css div popup end-->

    </td>
</tr>

<tr id='ft5.4' class='none'>
    <td class='errorCase'><div class='testcase'>test_enter_mybook: ÊµãËØïÊïôÊùêÂàóË°®È°µ</div></td>
    <td colspan='5' align='center'>

    <!--css div popup start-->
    <a class="popup_link" onfocus='this.blur();' href="javascript:showTestDetail('div_ft5.4')" >
        error</a>

    <div id='div_ft5.4' class="popup_window">
        <div style='text-align: right; color:red;cursor:pointer'>
        <a onfocus='this.blur();' onclick="document.getElementById('div_ft5.4').style.display = 'none' " >
           [x]</a>
        </div>
        <pre>
        
ft5.4: [32m2019-09-30 10:13:40[info]:mybooksTest.py Áî®‰æãÂºÄÂßãÊâßË°å[0m
Traceback (most recent call last):
  File "E:\developmentTools\pythonworkspace\up366_app_stu\android_stu\up366_appUI_stu\testCase\class\myclass\myBooksTest.py", line 18, in setUp
    self.driver = Caps.set_caps(None)
  File "E:\developmentTools\pythonworkspace\up366_app_stu\android_stu\up366_appUI_stu\public\desire_caps.py", line 37, in set_caps
    driver = webdriver.Remote('http://localhost:4723/wd/hub', desired_caps)
  File "C:\Program Files (x86)\Python36-32\lib\site-packages\appium\webdriver\webdriver.py", line 96, in __init__
    super(WebDriver, self).__init__(command_executor, desired_capabilities, browser_profile, proxy, keep_alive)
  File "C:\Program Files (x86)\Python36-32\lib\site-packages\selenium\webdriver\remote\webdriver.py", line 157, in __init__
    self.start_session(capabilities, browser_profile)
  File "C:\Program Files (x86)\Python36-32\lib\site-packages\appium\webdriver\webdriver.py", line 137, in start_session
    response = self.execute(RemoteCommand.NEW_SESSION, parameters)
  File "C:\Program Files (x86)\Python36-32\lib\site-packages\selenium\webdriver\remote\webdriver.py", line 321, in execute
    self.error_handler.check_response(response)
  File "C:\Program Files (x86)\Python36-32\lib\site-packages\selenium\webdriver\remote\errorhandler.py", line 242, in check_response
    raise exception_class(message, screen, stacktrace)
selenium.common.exceptions.WebDriverException: Message: An unknown server-side error occurred while processing the command. Original error: Could not find aapt Please set the ANDROID_HOME environment variable with the Android SDK root directory path.



        </pre>
    </div>
    <!--css div popup end-->

    </td>
</tr>

<tr id='ft5.5' class='none'>
    <td class='errorCase'><div class='testcase'>test_footer_mybook: ÊµãËØïÈ°µÈù¢Â∫ïÈÉ®ÂõæÊ†áÁä∂ÊÄÅ</div></td>
    <td colspan='5' align='center'>

    <!--css div popup start-->
    <a class="popup_link" onfocus='this.blur();' href="javascript:showTestDetail('div_ft5.5')" >
        error</a>

    <div id='div_ft5.5' class="popup_window">
        <div style='text-align: right; color:red;cursor:pointer'>
        <a onfocus='this.blur();' onclick="document.getElementById('div_ft5.5').style.display = 'none' " >
           [x]</a>
        </div>
        <pre>
        
ft5.5: [32m2019-09-30 10:13:45[info]:mybooksTest.py Áî®‰æãÂºÄÂßãÊâßË°å[0m
Traceback (most recent call last):
  File "E:\developmentTools\pythonworkspace\up366_app_stu\android_stu\up366_appUI_stu\testCase\class\myclass\myBooksTest.py", line 18, in setUp
    self.driver = Caps.set_caps(None)
  File "E:\developmentTools\pythonworkspace\up366_app_stu\android_stu\up366_appUI_stu\public\desire_caps.py", line 37, in set_caps
    driver = webdriver.Remote('http://localhost:4723/wd/hub', desired_caps)
  File "C:\Program Files (x86)\Python36-32\lib\site-packages\appium\webdriver\webdriver.py", line 96, in __init__
    super(WebDriver, self).__init__(command_executor, desired_capabilities, browser_profile, proxy, keep_alive)
  File "C:\Program Files (x86)\Python36-32\lib\site-packages\selenium\webdriver\remote\webdriver.py", line 157, in __init__
    self.start_session(capabilities, browser_profile)
  File "C:\Program Files (x86)\Python36-32\lib\site-packages\appium\webdriver\webdriver.py", line 137, in start_session
    response = self.execute(RemoteCommand.NEW_SESSION, parameters)
  File "C:\Program Files (x86)\Python36-32\lib\site-packages\selenium\webdriver\remote\webdriver.py", line 321, in execute
    self.error_handler.check_response(response)
  File "C:\Program Files (x86)\Python36-32\lib\site-packages\selenium\webdriver\remote\errorhandler.py", line 242, in check_response
    raise exception_class(message, screen, stacktrace)
selenium.common.exceptions.WebDriverException: Message: An unknown server-side error occurred while processing the command. Original error: Could not find aapt Please set the ANDROID_HOME environment variable with the Android SDK root directory path.



        </pre>
    </div>
    <!--css div popup end-->

    </td>
</tr>

<tr class='errorClass'>
    <td>class.question.QuestionNewTest.new_question</td>
    <td>1</td>
    <td>0</td>
    <td>0</td>
    <td>1</td>
    <td><a href="javascript:showClassDetail('c6',1)">Detail</a></td>
</tr>

<tr id='ft6.1' class='none'>
    <td class='errorCase'><div class='testcase'>test_question_reply: ÂõûÂ§çÊèêÈóÆ</div></td>
    <td colspan='5' align='center'>

    <!--css div popup start-->
    <a class="popup_link" onfocus='this.blur();' href="javascript:showTestDetail('div_ft6.1')" >
        error</a>

    <div id='div_ft6.1' class="popup_window">
        <div style='text-align: right; color:red;cursor:pointer'>
        <a onfocus='this.blur();' onclick="document.getElementById('div_ft6.1').style.display = 'none' " >
           [x]</a>
        </div>
        <pre>
        
ft6.1: [32m2019-09-30 10:13:57[info]:NewQuestion.py Áî®‰æãÂºÄÂßãÊâßË°å[0m
Traceback (most recent call last):
  File "E:\developmentTools\pythonworkspace\up366_app_stu\android_stu\up366_appUI_stu\testCase\class\question\QuestionNewTest.py", line 20, in setUp
    self.driver = Caps.set_caps(None)
  File "E:\developmentTools\pythonworkspace\up366_app_stu\android_stu\up366_appUI_stu\public\desire_caps.py", line 37, in set_caps
    driver = webdriver.Remote('http://localhost:4723/wd/hub', desired_caps)
  File "C:\Program Files (x86)\Python36-32\lib\site-packages\appium\webdriver\webdriver.py", line 96, in __init__
    super(WebDriver, self).__init__(command_executor, desired_capabilities, browser_profile, proxy, keep_alive)
  File "C:\Program Files (x86)\Python36-32\lib\site-packages\selenium\webdriver\remote\webdriver.py", line 157, in __init__
    self.start_session(capabilities, browser_profile)
  File "C:\Program Files (x86)\Python36-32\lib\site-packages\appium\webdriver\webdriver.py", line 137, in start_session
    response = self.execute(RemoteCommand.NEW_SESSION, parameters)
  File "C:\Program Files (x86)\Python36-32\lib\site-packages\selenium\webdriver\remote\webdriver.py", line 321, in execute
    self.error_handler.check_response(response)
  File "C:\Program Files (x86)\Python36-32\lib\site-packages\selenium\webdriver\remote\errorhandler.py", line 242, in check_response
    raise exception_class(message, screen, stacktrace)
selenium.common.exceptions.WebDriverException: Message: An unknown server-side error occurred while processing the command. Original error: Could not find aapt Please set the ANDROID_HOME environment variable with the Android SDK root directory path.



        </pre>
    </div>
    <!--css div popup end-->

    </td>
</tr>

<tr class='errorClass'>
    <td>class.wordsnote.wordsNoteTest.wordsnote</td>
    <td>3</td>
    <td>0</td>
    <td>0</td>
    <td>3</td>
    <td><a href="javascript:showClassDetail('c7',3)">Detail</a></td>
</tr>

<tr id='ft7.1' class='none'>
    <td class='errorCase'><div class='testcase'>test_words_bookList: È£û‰π¶‰∏ãÊãâÂàóË°®</div></td>
    <td colspan='5' align='center'>

    <!--css div popup start-->
    <a class="popup_link" onfocus='this.blur();' href="javascript:showTestDetail('div_ft7.1')" >
        error</a>

    <div id='div_ft7.1' class="popup_window">
        <div style='text-align: right; color:red;cursor:pointer'>
        <a onfocus='this.blur();' onclick="document.getElementById('div_ft7.1').style.display = 'none' " >
           [x]</a>
        </div>
        <pre>
        
ft7.1: [32m2019-09-30 10:14:08[info]:wordsNoteTest.py Áî®‰æãÂºÄÂßãÊâßË°å[0m
Traceback (most recent call last):
  File "E:\developmentTools\pythonworkspace\up366_app_stu\android_stu\up366_appUI_stu\testCase\class\wordsnote\wordsNoteTest.py", line 19, in setUp
    self.driver = Caps.set_caps(None)
  File "E:\developmentTools\pythonworkspace\up366_app_stu\android_stu\up366_appUI_stu\public\desire_caps.py", line 37, in set_caps
    driver = webdriver.Remote('http://localhost:4723/wd/hub', desired_caps)
  File "C:\Program Files (x86)\Python36-32\lib\site-packages\appium\webdriver\webdriver.py", line 96, in __init__
    super(WebDriver, self).__init__(command_executor, desired_capabilities, browser_profile, proxy, keep_alive)
  File "C:\Program Files (x86)\Python36-32\lib\site-packages\selenium\webdriver\remote\webdriver.py", line 157, in __init__
    self.start_session(capabilities, browser_profile)
  File "C:\Program Files (x86)\Python36-32\lib\site-packages\appium\webdriver\webdriver.py", line 137, in start_session
    response = self.execute(RemoteCommand.NEW_SESSION, parameters)
  File "C:\Program Files (x86)\Python36-32\lib\site-packages\selenium\webdriver\remote\webdriver.py", line 321, in execute
    self.error_handler.check_response(response)
  File "C:\Program Files (x86)\Python36-32\lib\site-packages\selenium\webdriver\remote\errorhandler.py", line 242, in check_response
    raise exception_class(message, screen, stacktrace)
selenium.common.exceptions.WebDriverException: Message: An unknown server-side error occurred while processing the command. Original error: Could not find aapt Please set the ANDROID_HOME environment variable with the Android SDK root directory path.



        </pre>
    </div>
    <!--css div popup end-->

    </td>
</tr>

<tr id='ft7.2' class='none'>
    <td class='errorCase'><div class='testcase'>test_words_info: ÂçïËØçÊù•Ê∫ê--ÁîüËØçËØ¶ÊÉÖ</div></td>
    <td colspan='5' align='center'>

    <!--css div popup start-->
    <a class="popup_link" onfocus='this.blur();' href="javascript:showTestDetail('div_ft7.2')" >
        error</a>

    <div id='div_ft7.2' class="popup_window">
        <div style='text-align: right; color:red;cursor:pointer'>
        <a onfocus='this.blur();' onclick="document.getElementById('div_ft7.2').style.display = 'none' " >
           [x]</a>
        </div>
        <pre>
        
ft7.2: [32m2019-09-30 10:14:14[info]:wordsNoteTest.py Áî®‰æãÂºÄÂßãÊâßË°å[0m
Traceback (most recent call last):
  File "E:\developmentTools\pythonworkspace\up366_app_stu\android_stu\up366_appUI_stu\testCase\class\wordsnote\wordsNoteTest.py", line 19, in setUp
    self.driver = Caps.set_caps(None)
  File "E:\developmentTools\pythonworkspace\up366_app_stu\android_stu\up366_appUI_stu\public\desire_caps.py", line 37, in set_caps
    driver = webdriver.Remote('http://localhost:4723/wd/hub', desired_caps)
  File "C:\Program Files (x86)\Python36-32\lib\site-packages\appium\webdriver\webdriver.py", line 96, in __init__
    super(WebDriver, self).__init__(command_executor, desired_capabilities, browser_profile, proxy, keep_alive)
  File "C:\Program Files (x86)\Python36-32\lib\site-packages\selenium\webdriver\remote\webdriver.py", line 157, in __init__
    self.start_session(capabilities, browser_profile)
  File "C:\Program Files (x86)\Python36-32\lib\site-packages\appium\webdriver\webdriver.py", line 137, in start_session
    response = self.execute(RemoteCommand.NEW_SESSION, parameters)
  File "C:\Program Files (x86)\Python36-32\lib\site-packages\selenium\webdriver\remote\webdriver.py", line 321, in execute
    self.error_handler.check_response(response)
  File "C:\Program Files (x86)\Python36-32\lib\site-packages\selenium\webdriver\remote\errorhandler.py", line 242, in check_response
    raise exception_class(message, screen, stacktrace)
selenium.common.exceptions.WebDriverException: Message: An unknown server-side error occurred while processing the command. Original error: Could not find aapt Please set the ANDROID_HOME environment variable with the Android SDK root directory path.



        </pre>
    </div>
    <!--css div popup end-->

    </td>
</tr>

<tr id='ft7.3' class='none'>
    <td class='errorCase'><div class='testcase'>test_words_rankkList: ÈîôËØçÊéíË°åÊ¶ú</div></td>
    <td colspan='5' align='center'>

    <!--css div popup start-->
    <a class="popup_link" onfocus='this.blur();' href="javascript:showTestDetail('div_ft7.3')" >
        error</a>

    <div id='div_ft7.3' class="popup_window">
        <div style='text-align: right; color:red;cursor:pointer'>
        <a onfocus='this.blur();' onclick="document.getElementById('div_ft7.3').style.display = 'none' " >
           [x]</a>
        </div>
        <pre>
        
ft7.3: [32m2019-09-30 10:14:20[info]:wordsNoteTest.py Áî®‰æãÂºÄÂßãÊâßË°å[0m
Traceback (most recent call last):
  File "E:\developmentTools\pythonworkspace\up366_app_stu\android_stu\up366_appUI_stu\testCase\class\wordsnote\wordsNoteTest.py", line 19, in setUp
    self.driver = Caps.set_caps(None)
  File "E:\developmentTools\pythonworkspace\up366_app_stu\android_stu\up366_appUI_stu\public\desire_caps.py", line 37, in set_caps
    driver = webdriver.Remote('http://localhost:4723/wd/hub', desired_caps)
  File "C:\Program Files (x86)\Python36-32\lib\site-packages\appium\webdriver\webdriver.py", line 96, in __init__
    super(WebDriver, self).__init__(command_executor, desired_capabilities, browser_profile, proxy, keep_alive)
  File "C:\Program Files (x86)\Python36-32\lib\site-packages\selenium\webdriver\remote\webdriver.py", line 157, in __init__
    self.start_session(capabilities, browser_profile)
  File "C:\Program Files (x86)\Python36-32\lib\site-packages\appium\webdriver\webdriver.py", line 137, in start_session
    response = self.execute(RemoteCommand.NEW_SESSION, parameters)
  File "C:\Program Files (x86)\Python36-32\lib\site-packages\selenium\webdriver\remote\webdriver.py", line 321, in execute
    self.error_handler.check_response(response)
  File "C:\Program Files (x86)\Python36-32\lib\site-packages\selenium\webdriver\remote\errorhandler.py", line 242, in check_response
    raise exception_class(message, screen, stacktrace)
selenium.common.exceptions.WebDriverException: Message: An unknown server-side error occurred while processing the command. Original error: Could not find aapt Please set the ANDROID_HOME environment variable with the Android SDK root directory path.



        </pre>
    </div>
    <!--css div popup end-->

    </td>
</tr>

<tr class='errorClass'>
    <td>class.wrongnote.WrongNoteTest.wrongnote</td>
    <td>7</td>
    <td>0</td>
    <td>0</td>
    <td>7</td>
    <td><a href="javascript:showClassDetail('c8',7)">Detail</a></td>
</tr>

<tr id='ft8.1' class='none'>
    <td class='errorCase'><div class='testcase'>test_CZ_bookList: Âàù‰∏≠Ëã±ËØ≠-È£û‰π¶ÂàóË°®‰∏ãÊãâÊ°ÜÂàáÊç¢</div></td>
    <td colspan='5' align='center'>

    <!--css div popup start-->
    <a class="popup_link" onfocus='this.blur();' href="javascript:showTestDetail('div_ft8.1')" >
        error</a>

    <div id='div_ft8.1' class="popup_window">
        <div style='text-align: right; color:red;cursor:pointer'>
        <a onfocus='this.blur();' onclick="document.getElementById('div_ft8.1').style.display = 'none' " >
           [x]</a>
        </div>
        <pre>
        
ft8.1: [32m2019-09-30 10:14:25[info]:wrongNoteTest.py Áî®‰æãÂºÄÂßãÊâßË°å[0m
Traceback (most recent call last):
  File "E:\developmentTools\pythonworkspace\up366_app_stu\android_stu\up366_appUI_stu\testCase\class\wrongnote\WrongNoteTest.py", line 20, in setUp
    self.driver = Caps.set_caps(None)
  File "E:\developmentTools\pythonworkspace\up366_app_stu\android_stu\up366_appUI_stu\public\desire_caps.py", line 37, in set_caps
    driver = webdriver.Remote('http://localhost:4723/wd/hub', desired_caps)
  File "C:\Program Files (x86)\Python36-32\lib\site-packages\appium\webdriver\webdriver.py", line 96, in __init__
    super(WebDriver, self).__init__(command_executor, desired_capabilities, browser_profile, proxy, keep_alive)
  File "C:\Program Files (x86)\Python36-32\lib\site-packages\selenium\webdriver\remote\webdriver.py", line 157, in __init__
    self.start_session(capabilities, browser_profile)
  File "C:\Program Files (x86)\Python36-32\lib\site-packages\appium\webdriver\webdriver.py", line 137, in start_session
    response = self.execute(RemoteCommand.NEW_SESSION, parameters)
  File "C:\Program Files (x86)\Python36-32\lib\site-packages\selenium\webdriver\remote\webdriver.py", line 321, in execute
    self.error_handler.check_response(response)
  File "C:\Program Files (x86)\Python36-32\lib\site-packages\selenium\webdriver\remote\errorhandler.py", line 242, in check_response
    raise exception_class(message, screen, stacktrace)
selenium.common.exceptions.WebDriverException: Message: An unknown server-side error occurred while processing the command. Original error: Could not find aapt Please set the ANDROID_HOME environment variable with the Android SDK root directory path.



        </pre>
    </div>
    <!--css div popup end-->

    </td>
</tr>

<tr id='ft8.2' class='none'>
    <td class='errorCase'><div class='testcase'>test_CZ_questionsKill: Âàù‰∏≠Ëã±ËØ≠-ÁÇπÂáªÊ∂àÁÅ≠ÈîôÈ¢òÂºπÊ°Ü</div></td>
    <td colspan='5' align='center'>

    <!--css div popup start-->
    <a class="popup_link" onfocus='this.blur();' href="javascript:showTestDetail('div_ft8.2')" >
        error</a>

    <div id='div_ft8.2' class="popup_window">
        <div style='text-align: right; color:red;cursor:pointer'>
        <a onfocus='this.blur();' onclick="document.getElementById('div_ft8.2').style.display = 'none' " >
           [x]</a>
        </div>
        <pre>
        
ft8.2: [32m2019-09-30 10:14:31[info]:wrongNoteTest.py Áî®‰æãÂºÄÂßãÊâßË°å[0m
Traceback (most recent call last):
  File "E:\developmentTools\pythonworkspace\up366_app_stu\android_stu\up366_appUI_stu\testCase\class\wrongnote\WrongNoteTest.py", line 20, in setUp
    self.driver = Caps.set_caps(None)
  File "E:\developmentTools\pythonworkspace\up366_app_stu\android_stu\up366_appUI_stu\public\desire_caps.py", line 37, in set_caps
    driver = webdriver.Remote('http://localhost:4723/wd/hub', desired_caps)
  File "C:\Program Files (x86)\Python36-32\lib\site-packages\appium\webdriver\webdriver.py", line 96, in __init__
    super(WebDriver, self).__init__(command_executor, desired_capabilities, browser_profile, proxy, keep_alive)
  File "C:\Program Files (x86)\Python36-32\lib\site-packages\selenium\webdriver\remote\webdriver.py", line 157, in __init__
    self.start_session(capabilities, browser_profile)
  File "C:\Program Files (x86)\Python36-32\lib\site-packages\appium\webdriver\webdriver.py", line 137, in start_session
    response = self.execute(RemoteCommand.NEW_SESSION, parameters)
  File "C:\Program Files (x86)\Python36-32\lib\site-packages\selenium\webdriver\remote\webdriver.py", line 321, in execute
    self.error_handler.check_response(response)
  File "C:\Program Files (x86)\Python36-32\lib\site-packages\selenium\webdriver\remote\errorhandler.py", line 242, in check_response
    raise exception_class(message, screen, stacktrace)
selenium.common.exceptions.WebDriverException: Message: An unknown server-side error occurred while processing the command. Original error: Could not find aapt Please set the ANDROID_HOME environment variable with the Android SDK root directory path.



        </pre>
    </div>
    <!--css div popup end-->

    </td>
</tr>

<tr id='ft8.3' class='none'>
    <td class='errorCase'><div class='testcase'>test_CZ_rankList: Âàù‰∏≠Ëã±ËØ≠-ÊéíË°åÊ¶ú-ËØæÁ®ã‰∏ãÊãâÂàóË°®-ËøõÂÖ•È°µÈù¢</div></td>
    <td colspan='5' align='center'>

    <!--css div popup start-->
    <a class="popup_link" onfocus='this.blur();' href="javascript:showTestDetail('div_ft8.3')" >
        error</a>

    <div id='div_ft8.3' class="popup_window">
        <div style='text-align: right; color:red;cursor:pointer'>
        <a onfocus='this.blur();' onclick="document.getElementById('div_ft8.3').style.display = 'none' " >
           [x]</a>
        </div>
        <pre>
        
ft8.3: [32m2019-09-30 10:14:36[info]:wrongNoteTest.py Áî®‰æãÂºÄÂßãÊâßË°å[0m
Traceback (most recent call last):
  File "E:\developmentTools\pythonworkspace\up366_app_stu\android_stu\up366_appUI_stu\testCase\class\wrongnote\WrongNoteTest.py", line 20, in setUp
    self.driver = Caps.set_caps(None)
  File "E:\developmentTools\pythonworkspace\up366_app_stu\android_stu\up366_appUI_stu\public\desire_caps.py", line 37, in set_caps
    driver = webdriver.Remote('http://localhost:4723/wd/hub', desired_caps)
  File "C:\Program Files (x86)\Python36-32\lib\site-packages\appium\webdriver\webdriver.py", line 96, in __init__
    super(WebDriver, self).__init__(command_executor, desired_capabilities, browser_profile, proxy, keep_alive)
  File "C:\Program Files (x86)\Python36-32\lib\site-packages\selenium\webdriver\remote\webdriver.py", line 157, in __init__
    self.start_session(capabilities, browser_profile)
  File "C:\Program Files (x86)\Python36-32\lib\site-packages\appium\webdriver\webdriver.py", line 137, in start_session
    response = self.execute(RemoteCommand.NEW_SESSION, parameters)
  File "C:\Program Files (x86)\Python36-32\lib\site-packages\selenium\webdriver\remote\webdriver.py", line 321, in execute
    self.error_handler.check_response(response)
  File "C:\Program Files (x86)\Python36-32\lib\site-packages\selenium\webdriver\remote\errorhandler.py", line 242, in check_response
    raise exception_class(message, screen, stacktrace)
selenium.common.exceptions.WebDriverException: Message: An unknown server-side error occurred while processing the command. Original error: Could not find aapt Please set the ANDROID_HOME environment variable with the Android SDK root directory path.



        </pre>
    </div>
    <!--css div popup end-->

    </td>
</tr>

<tr id='ft8.4' class='none'>
    <td class='errorCase'><div class='testcase'>test_GZ_bookLIst: È´ò‰∏≠Ëã±ËØ≠-‰π¶Á±çÂàóË°®‰∏ãÊãâÊ°ÜÂàáÊç¢</div></td>
    <td colspan='5' align='center'>

    <!--css div popup start-->
    <a class="popup_link" onfocus='this.blur();' href="javascript:showTestDetail('div_ft8.4')" >
        error</a>

    <div id='div_ft8.4' class="popup_window">
        <div style='text-align: right; color:red;cursor:pointer'>
        <a onfocus='this.blur();' onclick="document.getElementById('div_ft8.4').style.display = 'none' " >
           [x]</a>
        </div>
        <pre>
        
ft8.4: [32m2019-09-30 10:14:42[info]:wrongNoteTest.py Áî®‰æãÂºÄÂßãÊâßË°å[0m
Traceback (most recent call last):
  File "E:\developmentTools\pythonworkspace\up366_app_stu\android_stu\up366_appUI_stu\testCase\class\wrongnote\WrongNoteTest.py", line 20, in setUp
    self.driver = Caps.set_caps(None)
  File "E:\developmentTools\pythonworkspace\up366_app_stu\android_stu\up366_appUI_stu\public\desire_caps.py", line 37, in set_caps
    driver = webdriver.Remote('http://localhost:4723/wd/hub', desired_caps)
  File "C:\Program Files (x86)\Python36-32\lib\site-packages\appium\webdriver\webdriver.py", line 96, in __init__
    super(WebDriver, self).__init__(command_executor, desired_capabilities, browser_profile, proxy, keep_alive)
  File "C:\Program Files (x86)\Python36-32\lib\site-packages\selenium\webdriver\remote\webdriver.py", line 157, in __init__
    self.start_session(capabilities, browser_profile)
  File "C:\Program Files (x86)\Python36-32\lib\site-packages\appium\webdriver\webdriver.py", line 137, in start_session
    response = self.execute(RemoteCommand.NEW_SESSION, parameters)
  File "C:\Program Files (x86)\Python36-32\lib\site-packages\selenium\webdriver\remote\webdriver.py", line 321, in execute
    self.error_handler.check_response(response)
  File "C:\Program Files (x86)\Python36-32\lib\site-packages\selenium\webdriver\remote\errorhandler.py", line 242, in check_response
    raise exception_class(message, screen, stacktrace)
selenium.common.exceptions.WebDriverException: Message: An unknown server-side error occurred while processing the command. Original error: Could not find aapt Please set the ANDROID_HOME environment variable with the Android SDK root directory path.



        </pre>
    </div>
    <!--css div popup end-->

    </td>
</tr>

<tr id='ft8.5' class='none'>
    <td class='errorCase'><div class='testcase'>test_GZ_questionsKill: È´ò‰∏≠Ëã±ËØ≠-ÁÇπÂáªÊ∂àÁÅ≠ÈîôÈ¢òÂºπÊ°Ü</div></td>
    <td colspan='5' align='center'>

    <!--css div popup start-->
    <a class="popup_link" onfocus='this.blur();' href="javascript:showTestDetail('div_ft8.5')" >
        error</a>

    <div id='div_ft8.5' class="popup_window">
        <div style='text-align: right; color:red;cursor:pointer'>
        <a onfocus='this.blur();' onclick="document.getElementById('div_ft8.5').style.display = 'none' " >
           [x]</a>
        </div>
        <pre>
        
ft8.5: [32m2019-09-30 10:14:48[info]:wrongNoteTest.py Áî®‰æãÂºÄÂßãÊâßË°å[0m
Traceback (most recent call last):
  File "E:\developmentTools\pythonworkspace\up366_app_stu\android_stu\up366_appUI_stu\testCase\class\wrongnote\WrongNoteTest.py", line 20, in setUp
    self.driver = Caps.set_caps(None)
  File "E:\developmentTools\pythonworkspace\up366_app_stu\android_stu\up366_appUI_stu\public\desire_caps.py", line 37, in set_caps
    driver = webdriver.Remote('http://localhost:4723/wd/hub', desired_caps)
  File "C:\Program Files (x86)\Python36-32\lib\site-packages\appium\webdriver\webdriver.py", line 96, in __init__
    super(WebDriver, self).__init__(command_executor, desired_capabilities, browser_profile, proxy, keep_alive)
  File "C:\Program Files (x86)\Python36-32\lib\site-packages\selenium\webdriver\remote\webdriver.py", line 157, in __init__
    self.start_session(capabilities, browser_profile)
  File "C:\Program Files (x86)\Python36-32\lib\site-packages\appium\webdriver\webdriver.py", line 137, in start_session
    response = self.execute(RemoteCommand.NEW_SESSION, parameters)
  File "C:\Program Files (x86)\Python36-32\lib\site-packages\selenium\webdriver\remote\webdriver.py", line 321, in execute
    self.error_handler.check_response(response)
  File "C:\Program Files (x86)\Python36-32\lib\site-packages\selenium\webdriver\remote\errorhandler.py", line 242, in check_response
    raise exception_class(message, screen, stacktrace)
selenium.common.exceptions.WebDriverException: Message: An unknown server-side error occurred while processing the command. Original error: Could not find aapt Please set the ANDROID_HOME environment variable with the Android SDK root directory path.



        </pre>
    </div>
    <!--css div popup end-->

    </td>
</tr>

<tr id='ft8.6' class='none'>
    <td class='errorCase'><div class='testcase'>test_GZ_rankList: È´ò‰∏≠Ëã±ËØ≠-ÊéíË°åÊ¶ú-ËØæÁ®ã‰∏ãÊãâÂàóË°®-ËøõÂÖ•È°µÈù¢</div></td>
    <td colspan='5' align='center'>

    <!--css div popup start-->
    <a class="popup_link" onfocus='this.blur();' href="javascript:showTestDetail('div_ft8.6')" >
        error</a>

    <div id='div_ft8.6' class="popup_window">
        <div style='text-align: right; color:red;cursor:pointer'>
        <a onfocus='this.blur();' onclick="document.getElementById('div_ft8.6').style.display = 'none' " >
           [x]</a>
        </div>
        <pre>
        
ft8.6: [32m2019-09-30 10:14:54[info]:wrongNoteTest.py Áî®‰æãÂºÄÂßãÊâßË°å[0m
Traceback (most recent call last):
  File "E:\developmentTools\pythonworkspace\up366_app_stu\android_stu\up366_appUI_stu\testCase\class\wrongnote\WrongNoteTest.py", line 20, in setUp
    self.driver = Caps.set_caps(None)
  File "E:\developmentTools\pythonworkspace\up366_app_stu\android_stu\up366_appUI_stu\public\desire_caps.py", line 37, in set_caps
    driver = webdriver.Remote('http://localhost:4723/wd/hub', desired_caps)
  File "C:\Program Files (x86)\Python36-32\lib\site-packages\appium\webdriver\webdriver.py", line 96, in __init__
    super(WebDriver, self).__init__(command_executor, desired_capabilities, browser_profile, proxy, keep_alive)
  File "C:\Program Files (x86)\Python36-32\lib\site-packages\selenium\webdriver\remote\webdriver.py", line 157, in __init__
    self.start_session(capabilities, browser_profile)
  File "C:\Program Files (x86)\Python36-32\lib\site-packages\appium\webdriver\webdriver.py", line 137, in start_session
    response = self.execute(RemoteCommand.NEW_SESSION, parameters)
  File "C:\Program Files (x86)\Python36-32\lib\site-packages\selenium\webdriver\remote\webdriver.py", line 321, in execute
    self.error_handler.check_response(response)
  File "C:\Program Files (x86)\Python36-32\lib\site-packages\selenium\webdriver\remote\errorhandler.py", line 242, in check_response
    raise exception_class(message, screen, stacktrace)
selenium.common.exceptions.WebDriverException: Message: An unknown server-side error occurred while processing the command. Original error: Could not find aapt Please set the ANDROID_HOME environment variable with the Android SDK root directory path.



        </pre>
    </div>
    <!--css div popup end-->

    </td>
</tr>

<tr id='ft8.7' class='none'>
    <td class='errorCase'><div class='testcase'>test_class_myWrongNote: ÊàëÁöÑÈîôÈ¢òÊú¨</div></td>
    <td colspan='5' align='center'>

    <!--css div popup start-->
    <a class="popup_link" onfocus='this.blur();' href="javascript:showTestDetail('div_ft8.7')" >
        error</a>

    <div id='div_ft8.7' class="popup_window">
        <div style='text-align: right; color:red;cursor:pointer'>
        <a onfocus='this.blur();' onclick="document.getElementById('div_ft8.7').style.display = 'none' " >
           [x]</a>
        </div>
        <pre>
        
ft8.7: [32m2019-09-30 10:14:59[info]:wrongNoteTest.py Áî®‰æãÂºÄÂßãÊâßË°å[0m
Traceback (most recent call last):
  File "E:\developmentTools\pythonworkspace\up366_app_stu\android_stu\up366_appUI_stu\testCase\class\wrongnote\WrongNoteTest.py", line 20, in setUp
    self.driver = Caps.set_caps(None)
  File "E:\developmentTools\pythonworkspace\up366_app_stu\android_stu\up366_appUI_stu\public\desire_caps.py", line 37, in set_caps
    driver = webdriver.Remote('http://localhost:4723/wd/hub', desired_caps)
  File "C:\Program Files (x86)\Python36-32\lib\site-packages\appium\webdriver\webdriver.py", line 96, in __init__
    super(WebDriver, self).__init__(command_executor, desired_capabilities, browser_profile, proxy, keep_alive)
  File "C:\Program Files (x86)\Python36-32\lib\site-packages\selenium\webdriver\remote\webdriver.py", line 157, in __init__
    self.start_session(capabilities, browser_profile)
  File "C:\Program Files (x86)\Python36-32\lib\site-packages\appium\webdriver\webdriver.py", line 137, in start_session
    response = self.execute(RemoteCommand.NEW_SESSION, parameters)
  File "C:\Program Files (x86)\Python36-32\lib\site-packages\selenium\webdriver\remote\webdriver.py", line 321, in execute
    self.error_handler.check_response(response)
  File "C:\Program Files (x86)\Python36-32\lib\site-packages\selenium\webdriver\remote\errorhandler.py", line 242, in check_response
    raise exception_class(message, screen, stacktrace)
selenium.common.exceptions.WebDriverException: Message: An unknown server-side error occurred while processing the command. Original error: Could not find aapt Please set the ANDROID_HOME environment variable with the Android SDK root directory path.



        </pre>
    </div>
    <!--css div popup end-->

    </td>
</tr>

<tr class='errorClass'>
    <td>recommend.book.goPayTest.gopay</td>
    <td>4</td>
    <td>0</td>
    <td>0</td>
    <td>4</td>
    <td><a href="javascript:showClassDetail('c9',4)">Detail</a></td>
</tr>

<tr id='ft9.1' class='none'>
    <td class='errorCase'><div class='testcase'>test_Alipay_pay: ÊîØ‰ªòÂÆùÊîØ‰ªòÈ°µÈù¢Ë∑≥ËΩ¨</div></td>
    <td colspan='5' align='center'>

    <!--css div popup start-->
    <a class="popup_link" onfocus='this.blur();' href="javascript:showTestDetail('div_ft9.1')" >
        error</a>

    <div id='div_ft9.1' class="popup_window">
        <div style='text-align: right; color:red;cursor:pointer'>
        <a onfocus='this.blur();' onclick="document.getElementById('div_ft9.1').style.display = 'none' " >
           [x]</a>
        </div>
        <pre>
        
ft9.1: [32m2019-09-30 10:15:05[info]:goStudy.pyÁî®‰æãÂºÄÂßãÊâßË°å[0m
Traceback (most recent call last):
  File "E:\developmentTools\pythonworkspace\up366_app_stu\android_stu\up366_appUI_stu\testCase\recommend\book\goPayTest.py", line 18, in setUp
    self.driver = Caps.set_caps(self)
  File "E:\developmentTools\pythonworkspace\up366_app_stu\android_stu\up366_appUI_stu\public\desire_caps.py", line 37, in set_caps
    driver = webdriver.Remote('http://localhost:4723/wd/hub', desired_caps)
  File "C:\Program Files (x86)\Python36-32\lib\site-packages\appium\webdriver\webdriver.py", line 96, in __init__
    super(WebDriver, self).__init__(command_executor, desired_capabilities, browser_profile, proxy, keep_alive)
  File "C:\Program Files (x86)\Python36-32\lib\site-packages\selenium\webdriver\remote\webdriver.py", line 157, in __init__
    self.start_session(capabilities, browser_profile)
  File "C:\Program Files (x86)\Python36-32\lib\site-packages\appium\webdriver\webdriver.py", line 137, in start_session
    response = self.execute(RemoteCommand.NEW_SESSION, parameters)
  File "C:\Program Files (x86)\Python36-32\lib\site-packages\selenium\webdriver\remote\webdriver.py", line 321, in execute
    self.error_handler.check_response(response)
  File "C:\Program Files (x86)\Python36-32\lib\site-packages\selenium\webdriver\remote\errorhandler.py", line 242, in check_response
    raise exception_class(message, screen, stacktrace)
selenium.common.exceptions.WebDriverException: Message: An unknown server-side error occurred while processing the command. Original error: Could not find aapt Please set the ANDROID_HOME environment variable with the Android SDK root directory path.



        </pre>
    </div>
    <!--css div popup end-->

    </td>
</tr>

<tr id='ft9.2' class='none'>
    <td class='errorCase'><div class='testcase'>test_WeChat_pay: ÂæÆ‰ø°ÊîØ‰ªòÈ°µÈù¢Ë∑≥ËΩ¨</div></td>
    <td colspan='5' align='center'>

    <!--css div popup start-->
    <a class="popup_link" onfocus='this.blur();' href="javascript:showTestDetail('div_ft9.2')" >
        error</a>

    <div id='div_ft9.2' class="popup_window">
        <div style='text-align: right; color:red;cursor:pointer'>
        <a onfocus='this.blur();' onclick="document.getElementById('div_ft9.2').style.display = 'none' " >
           [x]</a>
        </div>
        <pre>
        
ft9.2: [32m2019-09-30 10:15:11[info]:goStudy.pyÁî®‰æãÂºÄÂßãÊâßË°å[0m
Traceback (most recent call last):
  File "E:\developmentTools\pythonworkspace\up366_app_stu\android_stu\up366_appUI_stu\testCase\recommend\book\goPayTest.py", line 18, in setUp
    self.driver = Caps.set_caps(self)
  File "E:\developmentTools\pythonworkspace\up366_app_stu\android_stu\up366_appUI_stu\public\desire_caps.py", line 37, in set_caps
    driver = webdriver.Remote('http://localhost:4723/wd/hub', desired_caps)
  File "C:\Program Files (x86)\Python36-32\lib\site-packages\appium\webdriver\webdriver.py", line 96, in __init__
    super(WebDriver, self).__init__(command_executor, desired_capabilities, browser_profile, proxy, keep_alive)
  File "C:\Program Files (x86)\Python36-32\lib\site-packages\selenium\webdriver\remote\webdriver.py", line 157, in __init__
    self.start_session(capabilities, browser_profile)
  File "C:\Program Files (x86)\Python36-32\lib\site-packages\appium\webdriver\webdriver.py", line 137, in start_session
    response = self.execute(RemoteCommand.NEW_SESSION, parameters)
  File "C:\Program Files (x86)\Python36-32\lib\site-packages\selenium\webdriver\remote\webdriver.py", line 321, in execute
    self.error_handler.check_response(response)
  File "C:\Program Files (x86)\Python36-32\lib\site-packages\selenium\webdriver\remote\errorhandler.py", line 242, in check_response
    raise exception_class(message, screen, stacktrace)
selenium.common.exceptions.WebDriverException: Message: An unknown server-side error occurred while processing the command. Original error: Could not find aapt Please set the ANDROID_HOME environment variable with the Android SDK root directory path.



        </pre>
    </div>
    <!--css div popup end-->

    </td>
</tr>

<tr id='ft9.3' class='none'>
    <td class='errorCase'><div class='testcase'>test_pay_falie: Ë¥≠‰π∞Â§±Ë¥•ÔºåÊü•ÁúãËÆ¢Âçï</div></td>
    <td colspan='5' align='center'>

    <!--css div popup start-->
    <a class="popup_link" onfocus='this.blur();' href="javascript:showTestDetail('div_ft9.3')" >
        error</a>

    <div id='div_ft9.3' class="popup_window">
        <div style='text-align: right; color:red;cursor:pointer'>
        <a onfocus='this.blur();' onclick="document.getElementById('div_ft9.3').style.display = 'none' " >
           [x]</a>
        </div>
        <pre>
        
ft9.3: [32m2019-09-30 10:15:16[info]:goStudy.pyÁî®‰æãÂºÄÂßãÊâßË°å[0m
Traceback (most recent call last):
  File "E:\developmentTools\pythonworkspace\up366_app_stu\android_stu\up366_appUI_stu\testCase\recommend\book\goPayTest.py", line 18, in setUp
    self.driver = Caps.set_caps(self)
  File "E:\developmentTools\pythonworkspace\up366_app_stu\android_stu\up366_appUI_stu\public\desire_caps.py", line 37, in set_caps
    driver = webdriver.Remote('http://localhost:4723/wd/hub', desired_caps)
  File "C:\Program Files (x86)\Python36-32\lib\site-packages\appium\webdriver\webdriver.py", line 96, in __init__
    super(WebDriver, self).__init__(command_executor, desired_capabilities, browser_profile, proxy, keep_alive)
  File "C:\Program Files (x86)\Python36-32\lib\site-packages\selenium\webdriver\remote\webdriver.py", line 157, in __init__
    self.start_session(capabilities, browser_profile)
  File "C:\Program Files (x86)\Python36-32\lib\site-packages\appium\webdriver\webdriver.py", line 137, in start_session
    response = self.execute(RemoteCommand.NEW_SESSION, parameters)
  File "C:\Program Files (x86)\Python36-32\lib\site-packages\selenium\webdriver\remote\webdriver.py", line 321, in execute
    self.error_handler.check_response(response)
  File "C:\Program Files (x86)\Python36-32\lib\site-packages\selenium\webdriver\remote\errorhandler.py", line 242, in check_response
    raise exception_class(message, screen, stacktrace)
selenium.common.exceptions.WebDriverException: Message: An unknown server-side error occurred while processing the command. Original error: Could not find aapt Please set the ANDROID_HOME environment variable with the Android SDK root directory path.



        </pre>
    </div>
    <!--css div popup end-->

    </td>
</tr>

<tr id='ft9.4' class='none'>
    <td class='errorCase'><div class='testcase'>test_recharge: ÂÖÖÂÄº</div></td>
    <td colspan='5' align='center'>

    <!--css div popup start-->
    <a class="popup_link" onfocus='this.blur();' href="javascript:showTestDetail('div_ft9.4')" >
        error</a>

    <div id='div_ft9.4' class="popup_window">
        <div style='text-align: right; color:red;cursor:pointer'>
        <a onfocus='this.blur();' onclick="document.getElementById('div_ft9.4').style.display = 'none' " >
           [x]</a>
        </div>
        <pre>
        
ft9.4: [32m2019-09-30 10:15:22[info]:goStudy.pyÁî®‰æãÂºÄÂßãÊâßË°å[0m
Traceback (most recent call last):
  File "E:\developmentTools\pythonworkspace\up366_app_stu\android_stu\up366_appUI_stu\testCase\recommend\book\goPayTest.py", line 18, in setUp
    self.driver = Caps.set_caps(self)
  File "E:\developmentTools\pythonworkspace\up366_app_stu\android_stu\up366_appUI_stu\public\desire_caps.py", line 37, in set_caps
    driver = webdriver.Remote('http://localhost:4723/wd/hub', desired_caps)
  File "C:\Program Files (x86)\Python36-32\lib\site-packages\appium\webdriver\webdriver.py", line 96, in __init__
    super(WebDriver, self).__init__(command_executor, desired_capabilities, browser_profile, proxy, keep_alive)
  File "C:\Program Files (x86)\Python36-32\lib\site-packages\selenium\webdriver\remote\webdriver.py", line 157, in __init__
    self.start_session(capabilities, browser_profile)
  File "C:\Program Files (x86)\Python36-32\lib\site-packages\appium\webdriver\webdriver.py", line 137, in start_session
    response = self.execute(RemoteCommand.NEW_SESSION, parameters)
  File "C:\Program Files (x86)\Python36-32\lib\site-packages\selenium\webdriver\remote\webdriver.py", line 321, in execute
    self.error_handler.check_response(response)
  File "C:\Program Files (x86)\Python36-32\lib\site-packages\selenium\webdriver\remote\errorhandler.py", line 242, in check_response
    raise exception_class(message, screen, stacktrace)
selenium.common.exceptions.WebDriverException: Message: An unknown server-side error occurred while processing the command. Original error: Could not find aapt Please set the ANDROID_HOME environment variable with the Android SDK root directory path.



        </pre>
    </div>
    <!--css div popup end-->

    </td>
</tr>

<tr class='errorClass'>
    <td>recommend.message.messageTest.message</td>
    <td>1</td>
    <td>0</td>
    <td>0</td>
    <td>1</td>
    <td><a href="javascript:showClassDetail('c10',1)">Detail</a></td>
</tr>

<tr id='ft10.1' class='none'>
    <td class='errorCase'><div class='testcase'>test_message: Ê∂àÊÅØÈ°µÈù¢ÊòØÂê¶‰∏∫Á©∫</div></td>
    <td colspan='5' align='center'>

    <!--css div popup start-->
    <a class="popup_link" onfocus='this.blur();' href="javascript:showTestDetail('div_ft10.1')" >
        error</a>

    <div id='div_ft10.1' class="popup_window">
        <div style='text-align: right; color:red;cursor:pointer'>
        <a onfocus='this.blur();' onclick="document.getElementById('div_ft10.1').style.display = 'none' " >
           [x]</a>
        </div>
        <pre>
        
ft10.1: [32m2019-09-30 10:15:39[info]:messageTest.py Áî®‰æãÂºÄÂßãÊâßË°å[0m
Traceback (most recent call last):
  File "E:\developmentTools\pythonworkspace\up366_app_stu\android_stu\up366_appUI_stu\testCase\recommend\message\messageTest.py", line 18, in setUp
    self.driver = Caps.set_caps(None)
  File "E:\developmentTools\pythonworkspace\up366_app_stu\android_stu\up366_appUI_stu\public\desire_caps.py", line 37, in set_caps
    driver = webdriver.Remote('http://localhost:4723/wd/hub', desired_caps)
  File "C:\Program Files (x86)\Python36-32\lib\site-packages\appium\webdriver\webdriver.py", line 96, in __init__
    super(WebDriver, self).__init__(command_executor, desired_capabilities, browser_profile, proxy, keep_alive)
  File "C:\Program Files (x86)\Python36-32\lib\site-packages\selenium\webdriver\remote\webdriver.py", line 157, in __init__
    self.start_session(capabilities, browser_profile)
  File "C:\Program Files (x86)\Python36-32\lib\site-packages\appium\webdriver\webdriver.py", line 137, in start_session
    response = self.execute(RemoteCommand.NEW_SESSION, parameters)
  File "C:\Program Files (x86)\Python36-32\lib\site-packages\selenium\webdriver\remote\webdriver.py", line 321, in execute
    self.error_handler.check_response(response)
  File "C:\Program Files (x86)\Python36-32\lib\site-packages\selenium\webdriver\remote\errorhandler.py", line 242, in check_response
    raise exception_class(message, screen, stacktrace)
selenium.common.exceptions.WebDriverException: Message: An unknown server-side error occurred while processing the command. Original error: Could not find aapt Please set the ANDROID_HOME environment variable with the Android SDK root directory path.



        </pre>
    </div>
    <!--css div popup end-->

    </td>
</tr>

<tr class='errorClass'>
    <td>user.feedback.feedBackTest.feedback</td>
    <td>3</td>
    <td>0</td>
    <td>0</td>
    <td>3</td>
    <td><a href="javascript:showClassDetail('c11',3)">Detail</a></td>
</tr>

<tr id='ft11.1' class='none'>
    <td class='errorCase'><div class='testcase'>test_feedBack1: ‰∏çËæìÂÖ•ÊâãÊú∫Âè∑ÔºåÊèê‰∫§</div></td>
    <td colspan='5' align='center'>

    <!--css div popup start-->
    <a class="popup_link" onfocus='this.blur();' href="javascript:showTestDetail('div_ft11.1')" >
        error</a>

    <div id='div_ft11.1' class="popup_window">
        <div style='text-align: right; color:red;cursor:pointer'>
        <a onfocus='this.blur();' onclick="document.getElementById('div_ft11.1').style.display = 'none' " >
           [x]</a>
        </div>
        <pre>
        
ft11.1: Traceback (most recent call last):
  File "E:\developmentTools\pythonworkspace\up366_app_stu\android_stu\up366_appUI_stu\testCase\user\feedback\feedBackTest.py", line 19, in setUp
    self.driver = Caps.set_caps(self)
  File "E:\developmentTools\pythonworkspace\up366_app_stu\android_stu\up366_appUI_stu\public\desire_caps.py", line 37, in set_caps
    driver = webdriver.Remote('http://localhost:4723/wd/hub', desired_caps)
  File "C:\Program Files (x86)\Python36-32\lib\site-packages\appium\webdriver\webdriver.py", line 96, in __init__
    super(WebDriver, self).__init__(command_executor, desired_capabilities, browser_profile, proxy, keep_alive)
  File "C:\Program Files (x86)\Python36-32\lib\site-packages\selenium\webdriver\remote\webdriver.py", line 157, in __init__
    self.start_session(capabilities, browser_profile)
  File "C:\Program Files (x86)\Python36-32\lib\site-packages\appium\webdriver\webdriver.py", line 137, in start_session
    response = self.execute(RemoteCommand.NEW_SESSION, parameters)
  File "C:\Program Files (x86)\Python36-32\lib\site-packages\selenium\webdriver\remote\webdriver.py", line 321, in execute
    self.error_handler.check_response(response)
  File "C:\Program Files (x86)\Python36-32\lib\site-packages\selenium\webdriver\remote\errorhandler.py", line 242, in check_response
    raise exception_class(message, screen, stacktrace)
selenium.common.exceptions.WebDriverException: Message: An unknown server-side error occurred while processing the command. Original error: Could not find aapt Please set the ANDROID_HOME environment variable with the Android SDK root directory path.



        </pre>
    </div>
    <!--css div popup end-->

    </td>
</tr>

<tr id='ft11.2' class='none'>
    <td class='errorCase'><div class='testcase'>test_feedBack2: ËæìÂÖ•Ê≠£Á°ÆÊòØÊâãÊú∫Âè∑Êèê‰∫§</div></td>
    <td colspan='5' align='center'>

    <!--css div popup start-->
    <a class="popup_link" onfocus='this.blur();' href="javascript:showTestDetail('div_ft11.2')" >
        error</a>

    <div id='div_ft11.2' class="popup_window">
        <div style='text-align: right; color:red;cursor:pointer'>
        <a onfocus='this.blur();' onclick="document.getElementById('div_ft11.2').style.display = 'none' " >
           [x]</a>
        </div>
        <pre>
        
ft11.2: Traceback (most recent call last):
  File "E:\developmentTools\pythonworkspace\up366_app_stu\android_stu\up366_appUI_stu\testCase\user\feedback\feedBackTest.py", line 19, in setUp
    self.driver = Caps.set_caps(self)
  File "E:\developmentTools\pythonworkspace\up366_app_stu\android_stu\up366_appUI_stu\public\desire_caps.py", line 37, in set_caps
    driver = webdriver.Remote('http://localhost:4723/wd/hub', desired_caps)
  File "C:\Program Files (x86)\Python36-32\lib\site-packages\appium\webdriver\webdriver.py", line 96, in __init__
    super(WebDriver, self).__init__(command_executor, desired_capabilities, browser_profile, proxy, keep_alive)
  File "C:\Program Files (x86)\Python36-32\lib\site-packages\selenium\webdriver\remote\webdriver.py", line 157, in __init__
    self.start_session(capabilities, browser_profile)
  File "C:\Program Files (x86)\Python36-32\lib\site-packages\appium\webdriver\webdriver.py", line 137, in start_session
    response = self.execute(RemoteCommand.NEW_SESSION, parameters)
  File "C:\Program Files (x86)\Python36-32\lib\site-packages\selenium\webdriver\remote\webdriver.py", line 321, in execute
    self.error_handler.check_response(response)
  File "C:\Program Files (x86)\Python36-32\lib\site-packages\selenium\webdriver\remote\errorhandler.py", line 242, in check_response
    raise exception_class(message, screen, stacktrace)
selenium.common.exceptions.WebDriverException: Message: An unknown server-side error occurred while processing the command. Original error: Could not find aapt Please set the ANDROID_HOME environment variable with the Android SDK root directory path.



        </pre>
    </div>
    <!--css div popup end-->

    </td>
</tr>

<tr id='ft11.3' class='none'>
    <td class='errorCase'><div class='testcase'>test_feedBack3: ËæìÂÖ•ÈîôËØØÁöÑÊâãÊú∫Âè∑Êèê‰∫§</div></td>
    <td colspan='5' align='center'>

    <!--css div popup start-->
    <a class="popup_link" onfocus='this.blur();' href="javascript:showTestDetail('div_ft11.3')" >
        error</a>

    <div id='div_ft11.3' class="popup_window">
        <div style='text-align: right; color:red;cursor:pointer'>
        <a onfocus='this.blur();' onclick="document.getElementById('div_ft11.3').style.display = 'none' " >
           [x]</a>
        </div>
        <pre>
        
ft11.3: Traceback (most recent call last):
  File "E:\developmentTools\pythonworkspace\up366_app_stu\android_stu\up366_appUI_stu\testCase\user\feedback\feedBackTest.py", line 19, in setUp
    self.driver = Caps.set_caps(self)
  File "E:\developmentTools\pythonworkspace\up366_app_stu\android_stu\up366_appUI_stu\public\desire_caps.py", line 37, in set_caps
    driver = webdriver.Remote('http://localhost:4723/wd/hub', desired_caps)
  File "C:\Program Files (x86)\Python36-32\lib\site-packages\appium\webdriver\webdriver.py", line 96, in __init__
    super(WebDriver, self).__init__(command_executor, desired_capabilities, browser_profile, proxy, keep_alive)
  File "C:\Program Files (x86)\Python36-32\lib\site-packages\selenium\webdriver\remote\webdriver.py", line 157, in __init__
    self.start_session(capabilities, browser_profile)
  File "C:\Program Files (x86)\Python36-32\lib\site-packages\appium\webdriver\webdriver.py", line 137, in start_session
    response = self.execute(RemoteCommand.NEW_SESSION, parameters)
  File "C:\Program Files (x86)\Python36-32\lib\site-packages\selenium\webdriver\remote\webdriver.py", line 321, in execute
    self.error_handler.check_response(response)
  File "C:\Program Files (x86)\Python36-32\lib\site-packages\selenium\webdriver\remote\errorhandler.py", line 242, in check_response
    raise exception_class(message, screen, stacktrace)
selenium.common.exceptions.WebDriverException: Message: An unknown server-side error occurred while processing the command. Original error: Could not find aapt Please set the ANDROID_HOME environment variable with the Android SDK root directory path.



        </pre>
    </div>
    <!--css div popup end-->

    </td>
</tr>

<tr class='errorClass'>
    <td>user.orderlist.orderListTest.orderlist</td>
    <td>2</td>
    <td>0</td>
    <td>0</td>
    <td>2</td>
    <td><a href="javascript:showClassDetail('c12',2)">Detail</a></td>
</tr>

<tr id='ft12.1' class='none'>
    <td class='errorCase'><div class='testcase'>test_emptyList: Á©∫È°µÈù¢</div></td>
    <td colspan='5' align='center'>

    <!--css div popup start-->
    <a class="popup_link" onfocus='this.blur();' href="javascript:showTestDetail('div_ft12.1')" >
        error</a>

    <div id='div_ft12.1' class="popup_window">
        <div style='text-align: right; color:red;cursor:pointer'>
        <a onfocus='this.blur();' onclick="document.getElementById('div_ft12.1').style.display = 'none' " >
           [x]</a>
        </div>
        <pre>
        
ft12.1: Traceback (most recent call last):
  File "E:\developmentTools\pythonworkspace\up366_app_stu\android_stu\up366_appUI_stu\testCase\user\orderlist\orderListTest.py", line 17, in setUp
    self.driver = Caps.set_caps(self)
  File "E:\developmentTools\pythonworkspace\up366_app_stu\android_stu\up366_appUI_stu\public\desire_caps.py", line 37, in set_caps
    driver = webdriver.Remote('http://localhost:4723/wd/hub', desired_caps)
  File "C:\Program Files (x86)\Python36-32\lib\site-packages\appium\webdriver\webdriver.py", line 96, in __init__
    super(WebDriver, self).__init__(command_executor, desired_capabilities, browser_profile, proxy, keep_alive)
  File "C:\Program Files (x86)\Python36-32\lib\site-packages\selenium\webdriver\remote\webdriver.py", line 157, in __init__
    self.start_session(capabilities, browser_profile)
  File "C:\Program Files (x86)\Python36-32\lib\site-packages\appium\webdriver\webdriver.py", line 137, in start_session
    response = self.execute(RemoteCommand.NEW_SESSION, parameters)
  File "C:\Program Files (x86)\Python36-32\lib\site-packages\selenium\webdriver\remote\webdriver.py", line 321, in execute
    self.error_handler.check_response(response)
  File "C:\Program Files (x86)\Python36-32\lib\site-packages\selenium\webdriver\remote\errorhandler.py", line 242, in check_response
    raise exception_class(message, screen, stacktrace)
selenium.common.exceptions.WebDriverException: Message: An unknown server-side error occurred while processing the command. Original error: Could not find aapt Please set the ANDROID_HOME environment variable with the Android SDK root directory path.



        </pre>
    </div>
    <!--css div popup end-->

    </td>
</tr>

<tr id='ft12.2' class='none'>
    <td class='errorCase'><div class='testcase'>test_orderList: ÈùûÁ©∫È°µÈù¢</div></td>
    <td colspan='5' align='center'>

    <!--css div popup start-->
    <a class="popup_link" onfocus='this.blur();' href="javascript:showTestDetail('div_ft12.2')" >
        error</a>

    <div id='div_ft12.2' class="popup_window">
        <div style='text-align: right; color:red;cursor:pointer'>
        <a onfocus='this.blur();' onclick="document.getElementById('div_ft12.2').style.display = 'none' " >
           [x]</a>
        </div>
        <pre>
        
ft12.2: Traceback (most recent call last):
  File "E:\developmentTools\pythonworkspace\up366_app_stu\android_stu\up366_appUI_stu\testCase\user\orderlist\orderListTest.py", line 17, in setUp
    self.driver = Caps.set_caps(self)
  File "E:\developmentTools\pythonworkspace\up366_app_stu\android_stu\up366_appUI_stu\public\desire_caps.py", line 37, in set_caps
    driver = webdriver.Remote('http://localhost:4723/wd/hub', desired_caps)
  File "C:\Program Files (x86)\Python36-32\lib\site-packages\appium\webdriver\webdriver.py", line 96, in __init__
    super(WebDriver, self).__init__(command_executor, desired_capabilities, browser_profile, proxy, keep_alive)
  File "C:\Program Files (x86)\Python36-32\lib\site-packages\selenium\webdriver\remote\webdriver.py", line 157, in __init__
    self.start_session(capabilities, browser_profile)
  File "C:\Program Files (x86)\Python36-32\lib\site-packages\appium\webdriver\webdriver.py", line 137, in start_session
    response = self.execute(RemoteCommand.NEW_SESSION, parameters)
  File "C:\Program Files (x86)\Python36-32\lib\site-packages\selenium\webdriver\remote\webdriver.py", line 321, in execute
    self.error_handler.check_response(response)
  File "C:\Program Files (x86)\Python36-32\lib\site-packages\selenium\webdriver\remote\errorhandler.py", line 242, in check_response
    raise exception_class(message, screen, stacktrace)
selenium.common.exceptions.WebDriverException: Message: An unknown server-side error occurred while processing the command. Original error: Could not find aapt Please set the ANDROID_HOME environment variable with the Android SDK root directory path.



        </pre>
    </div>
    <!--css div popup end-->

    </td>
</tr>

<tr id='total_row'>
    <td>Total</td>
    <td>54</td>
    <td>0</td>
    <td>0</td>
    <td>54</td>
    <td>&nbsp;</td>
</tr>
</table>

<div id='ending'>&nbsp;</div>

</body>
</html>
